2021-09-24 10:29:29,477 ERROR 15444 [-/192.168.6.14/-/14ms GET /test] nodejs.TypeError: Cannot read property 'service' of undefined
    at TestController.selects (F:\LIYOU\个人发展\华清远见\GitHub\steam-web\code\app\controller\testLi.js:7:29)
    at Object.callFn (F:\LIYOU\个人发展\华清远见\GitHub\steam-web\code\node_modules\_egg-core@4.20.0@egg-core\lib\utils\index.js:44:21)
    at Object.classControllerMiddleware (F:\LIYOU\个人发展\华清远见\GitHub\steam-web\code\node_modules\_egg-core@4.20.0@egg-core\lib\loader\mixin\controller.js:87:20)
    at Object.callFn (F:\LIYOU\个人发展\华清远见\GitHub\steam-web\code\node_modules\_@eggjs_router@2.0.1@@eggjs\router\lib\utils.js:12:21)
    at wrappedController (F:\LIYOU\个人发展\华清远见\GitHub\steam-web\code\node_modules\_@eggjs_router@2.0.1@@eggjs\router\lib\egg_router.js:322:18)
    at dispatch (F:\LIYOU\个人发展\华清远见\GitHub\steam-web\code\node_modules\_koa-compose@3.2.1@koa-compose\index.js:44:32)
    at next (F:\LIYOU\个人发展\华清远见\GitHub\steam-web\code\node_modules\_koa-compose@3.2.1@koa-compose\index.js:45:18)
    at F:\LIYOU\个人发展\华清远见\GitHub\steam-web\code\node_modules\_@eggjs_router@2.0.1@@eggjs\router\lib\router.js:186:18
    at dispatch (F:\LIYOU\个人发展\华清远见\GitHub\steam-web\code\node_modules\_koa-compose@3.2.1@koa-compose\index.js:44:32)
    at F:\LIYOU\个人发展\华清远见\GitHub\steam-web\code\node_modules\_koa-compose@3.2.1@koa-compose\index.js:36:12
headers: {"Access-Control-Allow-Origin":"*","vary":"Origin"}
pid: 15444
hostname: DESKTOP-69ODE32

2021-09-24 10:30:14,352 ERROR 15444 [-/192.168.6.14/-/2ms GET /test] nodejs.TypeError: Cannot read property 'service' of undefined
    at TestController.selects (F:\LIYOU\个人发展\华清远见\GitHub\steam-web\code\app\controller\testLi.js:7:29)
    at Object.callFn (F:\LIYOU\个人发展\华清远见\GitHub\steam-web\code\node_modules\_egg-core@4.20.0@egg-core\lib\utils\index.js:44:21)
    at Object.classControllerMiddleware (F:\LIYOU\个人发展\华清远见\GitHub\steam-web\code\node_modules\_egg-core@4.20.0@egg-core\lib\loader\mixin\controller.js:87:20)
    at Object.callFn (F:\LIYOU\个人发展\华清远见\GitHub\steam-web\code\node_modules\_@eggjs_router@2.0.1@@eggjs\router\lib\utils.js:12:21)
    at wrappedController (F:\LIYOU\个人发展\华清远见\GitHub\steam-web\code\node_modules\_@eggjs_router@2.0.1@@eggjs\router\lib\egg_router.js:322:18)
    at dispatch (F:\LIYOU\个人发展\华清远见\GitHub\steam-web\code\node_modules\_koa-compose@3.2.1@koa-compose\index.js:44:32)
    at next (F:\LIYOU\个人发展\华清远见\GitHub\steam-web\code\node_modules\_koa-compose@3.2.1@koa-compose\index.js:45:18)
    at F:\LIYOU\个人发展\华清远见\GitHub\steam-web\code\node_modules\_@eggjs_router@2.0.1@@eggjs\router\lib\router.js:186:18
    at dispatch (F:\LIYOU\个人发展\华清远见\GitHub\steam-web\code\node_modules\_koa-compose@3.2.1@koa-compose\index.js:44:32)
    at F:\LIYOU\个人发展\华清远见\GitHub\steam-web\code\node_modules\_koa-compose@3.2.1@koa-compose\index.js:36:12
headers: {"Access-Control-Allow-Origin":"*","vary":"Origin"}
pid: 15444
hostname: DESKTOP-69ODE32

2021-09-24 10:30:17,845 ERROR 15444 [-/192.168.6.14/-/1ms GET /test] nodejs.TypeError: Cannot read property 'service' of undefined
    at TestController.selects (F:\LIYOU\个人发展\华清远见\GitHub\steam-web\code\app\controller\testLi.js:7:29)
    at Object.callFn (F:\LIYOU\个人发展\华清远见\GitHub\steam-web\code\node_modules\_egg-core@4.20.0@egg-core\lib\utils\index.js:44:21)
    at Object.classControllerMiddleware (F:\LIYOU\个人发展\华清远见\GitHub\steam-web\code\node_modules\_egg-core@4.20.0@egg-core\lib\loader\mixin\controller.js:87:20)
    at Object.callFn (F:\LIYOU\个人发展\华清远见\GitHub\steam-web\code\node_modules\_@eggjs_router@2.0.1@@eggjs\router\lib\utils.js:12:21)
    at wrappedController (F:\LIYOU\个人发展\华清远见\GitHub\steam-web\code\node_modules\_@eggjs_router@2.0.1@@eggjs\router\lib\egg_router.js:322:18)
    at dispatch (F:\LIYOU\个人发展\华清远见\GitHub\steam-web\code\node_modules\_koa-compose@3.2.1@koa-compose\index.js:44:32)
    at next (F:\LIYOU\个人发展\华清远见\GitHub\steam-web\code\node_modules\_koa-compose@3.2.1@koa-compose\index.js:45:18)
    at F:\LIYOU\个人发展\华清远见\GitHub\steam-web\code\node_modules\_@eggjs_router@2.0.1@@eggjs\router\lib\router.js:186:18
    at dispatch (F:\LIYOU\个人发展\华清远见\GitHub\steam-web\code\node_modules\_koa-compose@3.2.1@koa-compose\index.js:44:32)
    at F:\LIYOU\个人发展\华清远见\GitHub\steam-web\code\node_modules\_koa-compose@3.2.1@koa-compose\index.js:36:12
headers: {"Access-Control-Allow-Origin":"*","vary":"Origin"}
pid: 15444
hostname: DESKTOP-69ODE32

2021-09-24 10:30:41,958 ERROR 13644 [-/192.168.6.14/-/10ms GET /test] nodejs.ReferenceError: res is not defined
    at TestController.selects (F:\LIYOU\个人发展\华清远见\GitHub\steam-web\code\app\controller\testLi.js:9:20)
    at Object.callFn (F:\LIYOU\个人发展\华清远见\GitHub\steam-web\code\node_modules\_egg-core@4.20.0@egg-core\lib\utils\index.js:44:21)
    at Object.classControllerMiddleware (F:\LIYOU\个人发展\华清远见\GitHub\steam-web\code\node_modules\_egg-core@4.20.0@egg-core\lib\loader\mixin\controller.js:87:20)
    at Object.callFn (F:\LIYOU\个人发展\华清远见\GitHub\steam-web\code\node_modules\_@eggjs_router@2.0.1@@eggjs\router\lib\utils.js:12:21)
    at wrappedController (F:\LIYOU\个人发展\华清远见\GitHub\steam-web\code\node_modules\_@eggjs_router@2.0.1@@eggjs\router\lib\egg_router.js:322:18)
    at dispatch (F:\LIYOU\个人发展\华清远见\GitHub\steam-web\code\node_modules\_koa-compose@3.2.1@koa-compose\index.js:44:32)
    at next (F:\LIYOU\个人发展\华清远见\GitHub\steam-web\code\node_modules\_koa-compose@3.2.1@koa-compose\index.js:45:18)
    at F:\LIYOU\个人发展\华清远见\GitHub\steam-web\code\node_modules\_@eggjs_router@2.0.1@@eggjs\router\lib\router.js:186:18
    at dispatch (F:\LIYOU\个人发展\华清远见\GitHub\steam-web\code\node_modules\_koa-compose@3.2.1@koa-compose\index.js:44:32)
    at F:\LIYOU\个人发展\华清远见\GitHub\steam-web\code\node_modules\_koa-compose@3.2.1@koa-compose\index.js:36:12
headers: {"Access-Control-Allow-Origin":"*","vary":"Origin"}
pid: 13644
hostname: DESKTOP-69ODE32

2021-09-24 10:31:07,356 ERROR 13644 [-/192.168.6.14/-/1ms GET /test] nodejs.ReferenceError: res is not defined
    at TestController.selects (F:\LIYOU\个人发展\华清远见\GitHub\steam-web\code\app\controller\testLi.js:9:20)
    at Object.callFn (F:\LIYOU\个人发展\华清远见\GitHub\steam-web\code\node_modules\_egg-core@4.20.0@egg-core\lib\utils\index.js:44:21)
    at Object.classControllerMiddleware (F:\LIYOU\个人发展\华清远见\GitHub\steam-web\code\node_modules\_egg-core@4.20.0@egg-core\lib\loader\mixin\controller.js:87:20)
    at Object.callFn (F:\LIYOU\个人发展\华清远见\GitHub\steam-web\code\node_modules\_@eggjs_router@2.0.1@@eggjs\router\lib\utils.js:12:21)
    at wrappedController (F:\LIYOU\个人发展\华清远见\GitHub\steam-web\code\node_modules\_@eggjs_router@2.0.1@@eggjs\router\lib\egg_router.js:322:18)
    at dispatch (F:\LIYOU\个人发展\华清远见\GitHub\steam-web\code\node_modules\_koa-compose@3.2.1@koa-compose\index.js:44:32)
    at next (F:\LIYOU\个人发展\华清远见\GitHub\steam-web\code\node_modules\_koa-compose@3.2.1@koa-compose\index.js:45:18)
    at F:\LIYOU\个人发展\华清远见\GitHub\steam-web\code\node_modules\_@eggjs_router@2.0.1@@eggjs\router\lib\router.js:186:18
    at dispatch (F:\LIYOU\个人发展\华清远见\GitHub\steam-web\code\node_modules\_koa-compose@3.2.1@koa-compose\index.js:44:32)
    at F:\LIYOU\个人发展\华清远见\GitHub\steam-web\code\node_modules\_koa-compose@3.2.1@koa-compose\index.js:36:12

pid: 13644
hostname: DESKTOP-69ODE32

2021-09-24 10:32:00,587 ERROR 18444 [-/192.168.6.14/-/4ms GET /test] nodejs.TypeError: Cannot set property 'body' of undefined
    at TestController.selects (F:\LIYOU\个人发展\华清远见\GitHub\steam-web\code\app\controller\testLi.js:10:18)
    at Object.callFn (F:\LIYOU\个人发展\华清远见\GitHub\steam-web\code\node_modules\_egg-core@4.20.0@egg-core\lib\utils\index.js:44:21)
    at Object.classControllerMiddleware (F:\LIYOU\个人发展\华清远见\GitHub\steam-web\code\node_modules\_egg-core@4.20.0@egg-core\lib\loader\mixin\controller.js:87:20)
    at Object.callFn (F:\LIYOU\个人发展\华清远见\GitHub\steam-web\code\node_modules\_@eggjs_router@2.0.1@@eggjs\router\lib\utils.js:12:21)
    at wrappedController (F:\LIYOU\个人发展\华清远见\GitHub\steam-web\code\node_modules\_@eggjs_router@2.0.1@@eggjs\router\lib\egg_router.js:322:18)
    at dispatch (F:\LIYOU\个人发展\华清远见\GitHub\steam-web\code\node_modules\_koa-compose@3.2.1@koa-compose\index.js:44:32)
    at next (F:\LIYOU\个人发展\华清远见\GitHub\steam-web\code\node_modules\_koa-compose@3.2.1@koa-compose\index.js:45:18)
    at F:\LIYOU\个人发展\华清远见\GitHub\steam-web\code\node_modules\_@eggjs_router@2.0.1@@eggjs\router\lib\router.js:186:18
    at dispatch (F:\LIYOU\个人发展\华清远见\GitHub\steam-web\code\node_modules\_koa-compose@3.2.1@koa-compose\index.js:44:32)
    at F:\LIYOU\个人发展\华清远见\GitHub\steam-web\code\node_modules\_koa-compose@3.2.1@koa-compose\index.js:36:12

pid: 18444
hostname: DESKTOP-69ODE32

2021-09-24 10:33:34,127 ERROR 18444 [-/192.168.6.14/-/1ms GET /test] nodejs.TypeError: Cannot set property 'body' of undefined
    at TestController.selects (F:\LIYOU\个人发展\华清远见\GitHub\steam-web\code\app\controller\testLi.js:10:18)
    at Object.callFn (F:\LIYOU\个人发展\华清远见\GitHub\steam-web\code\node_modules\_egg-core@4.20.0@egg-core\lib\utils\index.js:44:21)
    at Object.classControllerMiddleware (F:\LIYOU\个人发展\华清远见\GitHub\steam-web\code\node_modules\_egg-core@4.20.0@egg-core\lib\loader\mixin\controller.js:87:20)
    at Object.callFn (F:\LIYOU\个人发展\华清远见\GitHub\steam-web\code\node_modules\_@eggjs_router@2.0.1@@eggjs\router\lib\utils.js:12:21)
    at wrappedController (F:\LIYOU\个人发展\华清远见\GitHub\steam-web\code\node_modules\_@eggjs_router@2.0.1@@eggjs\router\lib\egg_router.js:322:18)
    at dispatch (F:\LIYOU\个人发展\华清远见\GitHub\steam-web\code\node_modules\_koa-compose@3.2.1@koa-compose\index.js:44:32)
    at next (F:\LIYOU\个人发展\华清远见\GitHub\steam-web\code\node_modules\_koa-compose@3.2.1@koa-compose\index.js:45:18)
    at F:\LIYOU\个人发展\华清远见\GitHub\steam-web\code\node_modules\_@eggjs_router@2.0.1@@eggjs\router\lib\router.js:186:18
    at dispatch (F:\LIYOU\个人发展\华清远见\GitHub\steam-web\code\node_modules\_koa-compose@3.2.1@koa-compose\index.js:44:32)
    at F:\LIYOU\个人发展\华清远见\GitHub\steam-web\code\node_modules\_koa-compose@3.2.1@koa-compose\index.js:36:12

pid: 18444
hostname: DESKTOP-69ODE32

2021-09-24 10:35:19,307 ERROR 9932 [-/192.168.6.14/-/3ms GET /test] nodejs.TypeError: Cannot set property 'body' of undefined
    at TestController.index (F:\LIYOU\个人发展\华清远见\GitHub\steam-web\code\app\controller\testLi.js:10:18)
    at Object.callFn (F:\LIYOU\个人发展\华清远见\GitHub\steam-web\code\node_modules\_egg-core@4.20.0@egg-core\lib\utils\index.js:44:21)
    at Object.classControllerMiddleware (F:\LIYOU\个人发展\华清远见\GitHub\steam-web\code\node_modules\_egg-core@4.20.0@egg-core\lib\loader\mixin\controller.js:87:20)
    at Object.callFn (F:\LIYOU\个人发展\华清远见\GitHub\steam-web\code\node_modules\_@eggjs_router@2.0.1@@eggjs\router\lib\utils.js:12:21)
    at wrappedController (F:\LIYOU\个人发展\华清远见\GitHub\steam-web\code\node_modules\_@eggjs_router@2.0.1@@eggjs\router\lib\egg_router.js:322:18)
    at dispatch (F:\LIYOU\个人发展\华清远见\GitHub\steam-web\code\node_modules\_koa-compose@3.2.1@koa-compose\index.js:44:32)
    at next (F:\LIYOU\个人发展\华清远见\GitHub\steam-web\code\node_modules\_koa-compose@3.2.1@koa-compose\index.js:45:18)
    at F:\LIYOU\个人发展\华清远见\GitHub\steam-web\code\node_modules\_@eggjs_router@2.0.1@@eggjs\router\lib\router.js:186:18
    at dispatch (F:\LIYOU\个人发展\华清远见\GitHub\steam-web\code\node_modules\_koa-compose@3.2.1@koa-compose\index.js:44:32)
    at F:\LIYOU\个人发展\华清远见\GitHub\steam-web\code\node_modules\_koa-compose@3.2.1@koa-compose\index.js:36:12

pid: 9932
hostname: DESKTOP-69ODE32

2021-09-24 10:35:40,935 ERROR 5280 [-/192.168.6.14/-/4ms GET /] nodejs.TypeError: Cannot set property 'body' of undefined
    at TestController.index (F:\LIYOU\个人发展\华清远见\GitHub\steam-web\code\app\controller\testLi.js:10:18)
    at Object.callFn (F:\LIYOU\个人发展\华清远见\GitHub\steam-web\code\node_modules\_egg-core@4.20.0@egg-core\lib\utils\index.js:44:21)
    at Object.classControllerMiddleware (F:\LIYOU\个人发展\华清远见\GitHub\steam-web\code\node_modules\_egg-core@4.20.0@egg-core\lib\loader\mixin\controller.js:87:20)
    at Object.callFn (F:\LIYOU\个人发展\华清远见\GitHub\steam-web\code\node_modules\_@eggjs_router@2.0.1@@eggjs\router\lib\utils.js:12:21)
    at wrappedController (F:\LIYOU\个人发展\华清远见\GitHub\steam-web\code\node_modules\_@eggjs_router@2.0.1@@eggjs\router\lib\egg_router.js:322:18)
    at dispatch (F:\LIYOU\个人发展\华清远见\GitHub\steam-web\code\node_modules\_koa-compose@3.2.1@koa-compose\index.js:44:32)
    at next (F:\LIYOU\个人发展\华清远见\GitHub\steam-web\code\node_modules\_koa-compose@3.2.1@koa-compose\index.js:45:18)
    at F:\LIYOU\个人发展\华清远见\GitHub\steam-web\code\node_modules\_@eggjs_router@2.0.1@@eggjs\router\lib\router.js:186:18
    at dispatch (F:\LIYOU\个人发展\华清远见\GitHub\steam-web\code\node_modules\_koa-compose@3.2.1@koa-compose\index.js:44:32)
    at F:\LIYOU\个人发展\华清远见\GitHub\steam-web\code\node_modules\_koa-compose@3.2.1@koa-compose\index.js:36:12

pid: 5280
hostname: DESKTOP-69ODE32

2021-09-24 10:36:54,471 ERROR 13892 [-/192.168.6.14/-/3ms GET /test] nodejs.TypeError: Cannot read property 'service' of undefined
    at TestController.index (F:\LIYOU\个人发展\华清远见\GitHub\steam-web\code\app\controller\testli.js:7:29)
    at Object.callFn (F:\LIYOU\个人发展\华清远见\GitHub\steam-web\code\node_modules\_egg-core@4.20.0@egg-core\lib\utils\index.js:44:21)
    at Object.classControllerMiddleware (F:\LIYOU\个人发展\华清远见\GitHub\steam-web\code\node_modules\_egg-core@4.20.0@egg-core\lib\loader\mixin\controller.js:87:20)
    at Object.callFn (F:\LIYOU\个人发展\华清远见\GitHub\steam-web\code\node_modules\_@eggjs_router@2.0.1@@eggjs\router\lib\utils.js:12:21)
    at wrappedController (F:\LIYOU\个人发展\华清远见\GitHub\steam-web\code\node_modules\_@eggjs_router@2.0.1@@eggjs\router\lib\egg_router.js:322:18)
    at dispatch (F:\LIYOU\个人发展\华清远见\GitHub\steam-web\code\node_modules\_koa-compose@3.2.1@koa-compose\index.js:44:32)
    at next (F:\LIYOU\个人发展\华清远见\GitHub\steam-web\code\node_modules\_koa-compose@3.2.1@koa-compose\index.js:45:18)
    at F:\LIYOU\个人发展\华清远见\GitHub\steam-web\code\node_modules\_@eggjs_router@2.0.1@@eggjs\router\lib\router.js:186:18
    at dispatch (F:\LIYOU\个人发展\华清远见\GitHub\steam-web\code\node_modules\_koa-compose@3.2.1@koa-compose\index.js:44:32)
    at F:\LIYOU\个人发展\华清远见\GitHub\steam-web\code\node_modules\_koa-compose@3.2.1@koa-compose\index.js:36:12

pid: 13892
hostname: DESKTOP-69ODE32

2021-09-24 10:36:57,441 ERROR 13892 [-/192.168.6.14/-/1ms GET /test] nodejs.TypeError: Cannot read property 'service' of undefined
    at TestController.index (F:\LIYOU\个人发展\华清远见\GitHub\steam-web\code\app\controller\testli.js:7:29)
    at Object.callFn (F:\LIYOU\个人发展\华清远见\GitHub\steam-web\code\node_modules\_egg-core@4.20.0@egg-core\lib\utils\index.js:44:21)
    at Object.classControllerMiddleware (F:\LIYOU\个人发展\华清远见\GitHub\steam-web\code\node_modules\_egg-core@4.20.0@egg-core\lib\loader\mixin\controller.js:87:20)
    at Object.callFn (F:\LIYOU\个人发展\华清远见\GitHub\steam-web\code\node_modules\_@eggjs_router@2.0.1@@eggjs\router\lib\utils.js:12:21)
    at wrappedController (F:\LIYOU\个人发展\华清远见\GitHub\steam-web\code\node_modules\_@eggjs_router@2.0.1@@eggjs\router\lib\egg_router.js:322:18)
    at dispatch (F:\LIYOU\个人发展\华清远见\GitHub\steam-web\code\node_modules\_koa-compose@3.2.1@koa-compose\index.js:44:32)
    at next (F:\LIYOU\个人发展\华清远见\GitHub\steam-web\code\node_modules\_koa-compose@3.2.1@koa-compose\index.js:45:18)
    at F:\LIYOU\个人发展\华清远见\GitHub\steam-web\code\node_modules\_@eggjs_router@2.0.1@@eggjs\router\lib\router.js:186:18
    at dispatch (F:\LIYOU\个人发展\华清远见\GitHub\steam-web\code\node_modules\_koa-compose@3.2.1@koa-compose\index.js:44:32)
    at F:\LIYOU\个人发展\华清远见\GitHub\steam-web\code\node_modules\_koa-compose@3.2.1@koa-compose\index.js:36:12

pid: 13892
hostname: DESKTOP-69ODE32

2021-09-24 10:38:40,090 ERROR 12420 [-/192.168.6.14/-/4ms GET /test] nodejs.TypeError: Cannot read property 'service' of undefined
    at HomeController.test (F:\LIYOU\个人发展\华清远见\GitHub\steam-web\code\app\controller\home.js:10:29)
    at Object.callFn (F:\LIYOU\个人发展\华清远见\GitHub\steam-web\code\node_modules\_egg-core@4.20.0@egg-core\lib\utils\index.js:44:21)
    at Object.classControllerMiddleware (F:\LIYOU\个人发展\华清远见\GitHub\steam-web\code\node_modules\_egg-core@4.20.0@egg-core\lib\loader\mixin\controller.js:87:20)
    at Object.callFn (F:\LIYOU\个人发展\华清远见\GitHub\steam-web\code\node_modules\_@eggjs_router@2.0.1@@eggjs\router\lib\utils.js:12:21)
    at wrappedController (F:\LIYOU\个人发展\华清远见\GitHub\steam-web\code\node_modules\_@eggjs_router@2.0.1@@eggjs\router\lib\egg_router.js:322:18)
    at dispatch (F:\LIYOU\个人发展\华清远见\GitHub\steam-web\code\node_modules\_koa-compose@3.2.1@koa-compose\index.js:44:32)
    at next (F:\LIYOU\个人发展\华清远见\GitHub\steam-web\code\node_modules\_koa-compose@3.2.1@koa-compose\index.js:45:18)
    at F:\LIYOU\个人发展\华清远见\GitHub\steam-web\code\node_modules\_@eggjs_router@2.0.1@@eggjs\router\lib\router.js:186:18
    at dispatch (F:\LIYOU\个人发展\华清远见\GitHub\steam-web\code\node_modules\_koa-compose@3.2.1@koa-compose\index.js:44:32)
    at F:\LIYOU\个人发展\华清远见\GitHub\steam-web\code\node_modules\_koa-compose@3.2.1@koa-compose\index.js:36:12

pid: 12420
hostname: DESKTOP-69ODE32

2021-09-24 10:39:15,733 ERROR 16572 [-/192.168.6.14/-/3ms GET /test] nodejs.TypeError: Cannot read property 'service' of undefined
    at HomeController.test (F:\LIYOU\个人发展\华清远见\GitHub\steam-web\code\app\controller\home.js:10:29)
    at Object.callFn (F:\LIYOU\个人发展\华清远见\GitHub\steam-web\code\node_modules\_egg-core@4.20.0@egg-core\lib\utils\index.js:44:21)
    at Object.classControllerMiddleware (F:\LIYOU\个人发展\华清远见\GitHub\steam-web\code\node_modules\_egg-core@4.20.0@egg-core\lib\loader\mixin\controller.js:87:20)
    at Object.callFn (F:\LIYOU\个人发展\华清远见\GitHub\steam-web\code\node_modules\_@eggjs_router@2.0.1@@eggjs\router\lib\utils.js:12:21)
    at wrappedController (F:\LIYOU\个人发展\华清远见\GitHub\steam-web\code\node_modules\_@eggjs_router@2.0.1@@eggjs\router\lib\egg_router.js:322:18)
    at dispatch (F:\LIYOU\个人发展\华清远见\GitHub\steam-web\code\node_modules\_koa-compose@3.2.1@koa-compose\index.js:44:32)
    at next (F:\LIYOU\个人发展\华清远见\GitHub\steam-web\code\node_modules\_koa-compose@3.2.1@koa-compose\index.js:45:18)
    at F:\LIYOU\个人发展\华清远见\GitHub\steam-web\code\node_modules\_@eggjs_router@2.0.1@@eggjs\router\lib\router.js:186:18
    at dispatch (F:\LIYOU\个人发展\华清远见\GitHub\steam-web\code\node_modules\_koa-compose@3.2.1@koa-compose\index.js:44:32)
    at F:\LIYOU\个人发展\华清远见\GitHub\steam-web\code\node_modules\_koa-compose@3.2.1@koa-compose\index.js:36:12

pid: 16572
hostname: DESKTOP-69ODE32

2021-09-24 10:39:18,336 ERROR 16572 [-/192.168.6.14/-/1ms GET /test] nodejs.TypeError: Cannot read property 'service' of undefined
    at HomeController.test (F:\LIYOU\个人发展\华清远见\GitHub\steam-web\code\app\controller\home.js:10:29)
    at Object.callFn (F:\LIYOU\个人发展\华清远见\GitHub\steam-web\code\node_modules\_egg-core@4.20.0@egg-core\lib\utils\index.js:44:21)
    at Object.classControllerMiddleware (F:\LIYOU\个人发展\华清远见\GitHub\steam-web\code\node_modules\_egg-core@4.20.0@egg-core\lib\loader\mixin\controller.js:87:20)
    at Object.callFn (F:\LIYOU\个人发展\华清远见\GitHub\steam-web\code\node_modules\_@eggjs_router@2.0.1@@eggjs\router\lib\utils.js:12:21)
    at wrappedController (F:\LIYOU\个人发展\华清远见\GitHub\steam-web\code\node_modules\_@eggjs_router@2.0.1@@eggjs\router\lib\egg_router.js:322:18)
    at dispatch (F:\LIYOU\个人发展\华清远见\GitHub\steam-web\code\node_modules\_koa-compose@3.2.1@koa-compose\index.js:44:32)
    at next (F:\LIYOU\个人发展\华清远见\GitHub\steam-web\code\node_modules\_koa-compose@3.2.1@koa-compose\index.js:45:18)
    at F:\LIYOU\个人发展\华清远见\GitHub\steam-web\code\node_modules\_@eggjs_router@2.0.1@@eggjs\router\lib\router.js:186:18
    at dispatch (F:\LIYOU\个人发展\华清远见\GitHub\steam-web\code\node_modules\_koa-compose@3.2.1@koa-compose\index.js:44:32)
    at F:\LIYOU\个人发展\华清远见\GitHub\steam-web\code\node_modules\_koa-compose@3.2.1@koa-compose\index.js:36:12

pid: 16572
hostname: DESKTOP-69ODE32

2021-09-24 10:40:01,451 ERROR 13520 [-/192.168.6.14/-/5ms GET /test] nodejs.TypeError: Cannot set property 'body' of undefined
    at HomeController.test (F:\LIYOU\个人发展\华清远见\GitHub\steam-web\code\app\controller\home.js:12:18)
    at Object.callFn (F:\LIYOU\个人发展\华清远见\GitHub\steam-web\code\node_modules\_egg-core@4.20.0@egg-core\lib\utils\index.js:44:21)
    at Object.classControllerMiddleware (F:\LIYOU\个人发展\华清远见\GitHub\steam-web\code\node_modules\_egg-core@4.20.0@egg-core\lib\loader\mixin\controller.js:87:20)
    at Object.callFn (F:\LIYOU\个人发展\华清远见\GitHub\steam-web\code\node_modules\_@eggjs_router@2.0.1@@eggjs\router\lib\utils.js:12:21)
    at wrappedController (F:\LIYOU\个人发展\华清远见\GitHub\steam-web\code\node_modules\_@eggjs_router@2.0.1@@eggjs\router\lib\egg_router.js:322:18)
    at dispatch (F:\LIYOU\个人发展\华清远见\GitHub\steam-web\code\node_modules\_koa-compose@3.2.1@koa-compose\index.js:44:32)
    at next (F:\LIYOU\个人发展\华清远见\GitHub\steam-web\code\node_modules\_koa-compose@3.2.1@koa-compose\index.js:45:18)
    at F:\LIYOU\个人发展\华清远见\GitHub\steam-web\code\node_modules\_@eggjs_router@2.0.1@@eggjs\router\lib\router.js:186:18
    at dispatch (F:\LIYOU\个人发展\华清远见\GitHub\steam-web\code\node_modules\_koa-compose@3.2.1@koa-compose\index.js:44:32)
    at F:\LIYOU\个人发展\华清远见\GitHub\steam-web\code\node_modules\_koa-compose@3.2.1@koa-compose\index.js:36:12

pid: 13520
hostname: DESKTOP-69ODE32

2021-09-24 10:41:11,460 ERROR 17728 [-/192.168.6.14/-/3ms GET /test] nodejs.TypeError: Cannot set property 'body' of undefined
    at HomeController.test (F:\LIYOU\个人发展\华清远见\GitHub\steam-web\code\app\controller\home.js:12:18)
    at Object.callFn (F:\LIYOU\个人发展\华清远见\GitHub\steam-web\code\node_modules\_egg-core@4.20.0@egg-core\lib\utils\index.js:44:21)
    at Object.classControllerMiddleware (F:\LIYOU\个人发展\华清远见\GitHub\steam-web\code\node_modules\_egg-core@4.20.0@egg-core\lib\loader\mixin\controller.js:87:20)
    at Object.callFn (F:\LIYOU\个人发展\华清远见\GitHub\steam-web\code\node_modules\_@eggjs_router@2.0.1@@eggjs\router\lib\utils.js:12:21)
    at wrappedController (F:\LIYOU\个人发展\华清远见\GitHub\steam-web\code\node_modules\_@eggjs_router@2.0.1@@eggjs\router\lib\egg_router.js:322:18)
    at dispatch (F:\LIYOU\个人发展\华清远见\GitHub\steam-web\code\node_modules\_koa-compose@3.2.1@koa-compose\index.js:44:32)
    at next (F:\LIYOU\个人发展\华清远见\GitHub\steam-web\code\node_modules\_koa-compose@3.2.1@koa-compose\index.js:45:18)
    at F:\LIYOU\个人发展\华清远见\GitHub\steam-web\code\node_modules\_@eggjs_router@2.0.1@@eggjs\router\lib\router.js:186:18
    at dispatch (F:\LIYOU\个人发展\华清远见\GitHub\steam-web\code\node_modules\_koa-compose@3.2.1@koa-compose\index.js:44:32)
    at F:\LIYOU\个人发展\华清远见\GitHub\steam-web\code\node_modules\_koa-compose@3.2.1@koa-compose\index.js:36:12

pid: 17728
hostname: DESKTOP-69ODE32

2021-09-24 10:41:55,186 ERROR 13380 [-/192.168.6.14/-/4ms GET /test] nodejs.TypeError: Cannot read property 'service' of undefined
    at HomeController.test (F:\LIYOU\个人发展\华清远见\GitHub\steam-web\code\app\controller\home.js:10:29)
    at Object.callFn (F:\LIYOU\个人发展\华清远见\GitHub\steam-web\code\node_modules\_egg-core@4.20.0@egg-core\lib\utils\index.js:44:21)
    at Object.classControllerMiddleware (F:\LIYOU\个人发展\华清远见\GitHub\steam-web\code\node_modules\_egg-core@4.20.0@egg-core\lib\loader\mixin\controller.js:87:20)
    at Object.callFn (F:\LIYOU\个人发展\华清远见\GitHub\steam-web\code\node_modules\_@eggjs_router@2.0.1@@eggjs\router\lib\utils.js:12:21)
    at wrappedController (F:\LIYOU\个人发展\华清远见\GitHub\steam-web\code\node_modules\_@eggjs_router@2.0.1@@eggjs\router\lib\egg_router.js:322:18)
    at dispatch (F:\LIYOU\个人发展\华清远见\GitHub\steam-web\code\node_modules\_koa-compose@3.2.1@koa-compose\index.js:44:32)
    at next (F:\LIYOU\个人发展\华清远见\GitHub\steam-web\code\node_modules\_koa-compose@3.2.1@koa-compose\index.js:45:18)
    at F:\LIYOU\个人发展\华清远见\GitHub\steam-web\code\node_modules\_@eggjs_router@2.0.1@@eggjs\router\lib\router.js:186:18
    at dispatch (F:\LIYOU\个人发展\华清远见\GitHub\steam-web\code\node_modules\_koa-compose@3.2.1@koa-compose\index.js:44:32)
    at F:\LIYOU\个人发展\华清远见\GitHub\steam-web\code\node_modules\_koa-compose@3.2.1@koa-compose\index.js:36:12

pid: 13380
hostname: DESKTOP-69ODE32

2021-09-24 10:42:03,201 ERROR 13380 [-/192.168.6.14/-/1ms GET /test] nodejs.TypeError: Cannot read property 'service' of undefined
    at HomeController.test (F:\LIYOU\个人发展\华清远见\GitHub\steam-web\code\app\controller\home.js:10:29)
    at Object.callFn (F:\LIYOU\个人发展\华清远见\GitHub\steam-web\code\node_modules\_egg-core@4.20.0@egg-core\lib\utils\index.js:44:21)
    at Object.classControllerMiddleware (F:\LIYOU\个人发展\华清远见\GitHub\steam-web\code\node_modules\_egg-core@4.20.0@egg-core\lib\loader\mixin\controller.js:87:20)
    at Object.callFn (F:\LIYOU\个人发展\华清远见\GitHub\steam-web\code\node_modules\_@eggjs_router@2.0.1@@eggjs\router\lib\utils.js:12:21)
    at wrappedController (F:\LIYOU\个人发展\华清远见\GitHub\steam-web\code\node_modules\_@eggjs_router@2.0.1@@eggjs\router\lib\egg_router.js:322:18)
    at dispatch (F:\LIYOU\个人发展\华清远见\GitHub\steam-web\code\node_modules\_koa-compose@3.2.1@koa-compose\index.js:44:32)
    at next (F:\LIYOU\个人发展\华清远见\GitHub\steam-web\code\node_modules\_koa-compose@3.2.1@koa-compose\index.js:45:18)
    at F:\LIYOU\个人发展\华清远见\GitHub\steam-web\code\node_modules\_@eggjs_router@2.0.1@@eggjs\router\lib\router.js:186:18
    at dispatch (F:\LIYOU\个人发展\华清远见\GitHub\steam-web\code\node_modules\_koa-compose@3.2.1@koa-compose\index.js:44:32)
    at F:\LIYOU\个人发展\华清远见\GitHub\steam-web\code\node_modules\_koa-compose@3.2.1@koa-compose\index.js:36:12

pid: 13380
hostname: DESKTOP-69ODE32

2021-09-24 10:43:08,917 ERROR 13884 [-/192.168.6.14/-/5ms GET /test] nodejs.TypeError: Cannot read property 'service' of undefined
    at HomeController.test (F:\LIYOU\个人发展\华清远见\GitHub\steam-web\code\app\controller\home.js:11:29)
    at Object.callFn (F:\LIYOU\个人发展\华清远见\GitHub\steam-web\code\node_modules\_egg-core@4.20.0@egg-core\lib\utils\index.js:44:21)
    at Object.classControllerMiddleware (F:\LIYOU\个人发展\华清远见\GitHub\steam-web\code\node_modules\_egg-core@4.20.0@egg-core\lib\loader\mixin\controller.js:87:20)
    at Object.callFn (F:\LIYOU\个人发展\华清远见\GitHub\steam-web\code\node_modules\_@eggjs_router@2.0.1@@eggjs\router\lib\utils.js:12:21)
    at wrappedController (F:\LIYOU\个人发展\华清远见\GitHub\steam-web\code\node_modules\_@eggjs_router@2.0.1@@eggjs\router\lib\egg_router.js:322:18)
    at dispatch (F:\LIYOU\个人发展\华清远见\GitHub\steam-web\code\node_modules\_koa-compose@3.2.1@koa-compose\index.js:44:32)
    at next (F:\LIYOU\个人发展\华清远见\GitHub\steam-web\code\node_modules\_koa-compose@3.2.1@koa-compose\index.js:45:18)
    at F:\LIYOU\个人发展\华清远见\GitHub\steam-web\code\node_modules\_@eggjs_router@2.0.1@@eggjs\router\lib\router.js:186:18
    at dispatch (F:\LIYOU\个人发展\华清远见\GitHub\steam-web\code\node_modules\_koa-compose@3.2.1@koa-compose\index.js:44:32)
    at F:\LIYOU\个人发展\华清远见\GitHub\steam-web\code\node_modules\_koa-compose@3.2.1@koa-compose\index.js:36:12

pid: 13884
hostname: DESKTOP-69ODE32

2021-09-24 10:43:11,375 ERROR 13884 [-/192.168.6.14/-/1ms GET /test] nodejs.TypeError: Cannot read property 'service' of undefined
    at HomeController.test (F:\LIYOU\个人发展\华清远见\GitHub\steam-web\code\app\controller\home.js:11:29)
    at Object.callFn (F:\LIYOU\个人发展\华清远见\GitHub\steam-web\code\node_modules\_egg-core@4.20.0@egg-core\lib\utils\index.js:44:21)
    at Object.classControllerMiddleware (F:\LIYOU\个人发展\华清远见\GitHub\steam-web\code\node_modules\_egg-core@4.20.0@egg-core\lib\loader\mixin\controller.js:87:20)
    at Object.callFn (F:\LIYOU\个人发展\华清远见\GitHub\steam-web\code\node_modules\_@eggjs_router@2.0.1@@eggjs\router\lib\utils.js:12:21)
    at wrappedController (F:\LIYOU\个人发展\华清远见\GitHub\steam-web\code\node_modules\_@eggjs_router@2.0.1@@eggjs\router\lib\egg_router.js:322:18)
    at dispatch (F:\LIYOU\个人发展\华清远见\GitHub\steam-web\code\node_modules\_koa-compose@3.2.1@koa-compose\index.js:44:32)
    at next (F:\LIYOU\个人发展\华清远见\GitHub\steam-web\code\node_modules\_koa-compose@3.2.1@koa-compose\index.js:45:18)
    at F:\LIYOU\个人发展\华清远见\GitHub\steam-web\code\node_modules\_@eggjs_router@2.0.1@@eggjs\router\lib\router.js:186:18
    at dispatch (F:\LIYOU\个人发展\华清远见\GitHub\steam-web\code\node_modules\_koa-compose@3.2.1@koa-compose\index.js:44:32)
    at F:\LIYOU\个人发展\华清远见\GitHub\steam-web\code\node_modules\_koa-compose@3.2.1@koa-compose\index.js:36:12

pid: 13884
hostname: DESKTOP-69ODE32

2021-09-24 10:43:14,894 ERROR 13884 [-/192.168.6.14/-/0ms GET /test] nodejs.TypeError: Cannot read property 'service' of undefined
    at HomeController.test (F:\LIYOU\个人发展\华清远见\GitHub\steam-web\code\app\controller\home.js:11:29)
    at Object.callFn (F:\LIYOU\个人发展\华清远见\GitHub\steam-web\code\node_modules\_egg-core@4.20.0@egg-core\lib\utils\index.js:44:21)
    at Object.classControllerMiddleware (F:\LIYOU\个人发展\华清远见\GitHub\steam-web\code\node_modules\_egg-core@4.20.0@egg-core\lib\loader\mixin\controller.js:87:20)
    at Object.callFn (F:\LIYOU\个人发展\华清远见\GitHub\steam-web\code\node_modules\_@eggjs_router@2.0.1@@eggjs\router\lib\utils.js:12:21)
    at wrappedController (F:\LIYOU\个人发展\华清远见\GitHub\steam-web\code\node_modules\_@eggjs_router@2.0.1@@eggjs\router\lib\egg_router.js:322:18)
    at dispatch (F:\LIYOU\个人发展\华清远见\GitHub\steam-web\code\node_modules\_koa-compose@3.2.1@koa-compose\index.js:44:32)
    at next (F:\LIYOU\个人发展\华清远见\GitHub\steam-web\code\node_modules\_koa-compose@3.2.1@koa-compose\index.js:45:18)
    at F:\LIYOU\个人发展\华清远见\GitHub\steam-web\code\node_modules\_@eggjs_router@2.0.1@@eggjs\router\lib\router.js:186:18
    at dispatch (F:\LIYOU\个人发展\华清远见\GitHub\steam-web\code\node_modules\_koa-compose@3.2.1@koa-compose\index.js:44:32)
    at F:\LIYOU\个人发展\华清远见\GitHub\steam-web\code\node_modules\_koa-compose@3.2.1@koa-compose\index.js:36:12

pid: 13884
hostname: DESKTOP-69ODE32

2021-09-24 10:43:54,679 ERROR 14984 [-/192.168.6.14/-/8ms GET /test] nodejs.ER_NO_SUCH_TABLEError: ER_NO_SUCH_TABLE: Table 'steam.indexgameone' doesn't exist
    at Query.Sequence._packetToError (F:\LIYOU\个人发展\华清远见\GitHub\steam-web\code\node_modules\_mysql@2.18.1@mysql\lib\protocol\sequences\Sequence.js:47:14)
    at Query.ErrorPacket (F:\LIYOU\个人发展\华清远见\GitHub\steam-web\code\node_modules\_mysql@2.18.1@mysql\lib\protocol\sequences\Query.js:79:18)
    at Protocol._parsePacket (F:\LIYOU\个人发展\华清远见\GitHub\steam-web\code\node_modules\_mysql@2.18.1@mysql\lib\protocol\Protocol.js:291:23)
    at Parser._parsePacket (F:\LIYOU\个人发展\华清远见\GitHub\steam-web\code\node_modules\_mysql@2.18.1@mysql\lib\protocol\Parser.js:433:10)
    at Parser.write (F:\LIYOU\个人发展\华清远见\GitHub\steam-web\code\node_modules\_mysql@2.18.1@mysql\lib\protocol\Parser.js:43:10)
    at Protocol.write (F:\LIYOU\个人发展\华清远见\GitHub\steam-web\code\node_modules\_mysql@2.18.1@mysql\lib\protocol\Protocol.js:38:16)
    at Socket.<anonymous> (F:\LIYOU\个人发展\华清远见\GitHub\steam-web\code\node_modules\_mysql@2.18.1@mysql\lib\Connection.js:88:28)
    at Socket.<anonymous> (F:\LIYOU\个人发展\华清远见\GitHub\steam-web\code\node_modules\_mysql@2.18.1@mysql\lib\Connection.js:526:10)
    at Socket.emit (events.js:400:28)
    at addChunk (internal/streams/readable.js:290:12)
    --------------------
    at Pool.query (F:\LIYOU\个人发展\华清远见\GitHub\steam-web\code\node_modules\_mysql@2.18.1@mysql\lib\Pool.js:199:23)
    at F:\LIYOU\个人发展\华清远见\GitHub\steam-web\code\node_modules\_pify@2.3.0@pify\index.js:29:7
    at new Promise (<anonymous>)
    at Pool.<anonymous> (F:\LIYOU\个人发展\华清远见\GitHub\steam-web\code\node_modules\_pify@2.3.0@pify\index.js:12:10)
    at Pool.ret [as query] (F:\LIYOU\个人发展\华清远见\GitHub\steam-web\code\node_modules\_pify@2.3.0@pify\index.js:56:34)
    at RDSClient.proto._query (F:\LIYOU\个人发展\华清远见\GitHub\steam-web\code\node_modules\_ali-rds@3.4.0@ali-rds\lib\client.js:38:20)
    at RDSClient.proto.query (F:\LIYOU\个人发展\华清远见\GitHub\steam-web\code\node_modules\_ali-rds@3.4.0@ali-rds\lib\operator.js:54:29)
    at proto.query.next (<anonymous>)
    at onFulfilled (F:\LIYOU\个人发展\华清远见\GitHub\steam-web\code\node_modules\_co@4.6.0@co\index.js:65:19)
    at F:\LIYOU\个人发展\华清远见\GitHub\steam-web\code\node_modules\_co@4.6.0@co\index.js:54:5
    sql: SELECT * FROM `indexGameOne`
code: "ER_NO_SUCH_TABLE"
errno: 1146
sqlMessage: "Table 'steam.indexgameone' doesn't exist"
sqlState: "42S02"
index: 0
sql: "SELECT * FROM `indexGameOne`"
name: "ER_NO_SUCH_TABLEError"
pid: 14984
hostname: DESKTOP-69ODE32

2021-09-24 10:43:57,398 ERROR 14984 [-/192.168.6.14/-/6ms GET /test] nodejs.ER_NO_SUCH_TABLEError: ER_NO_SUCH_TABLE: Table 'steam.indexgameone' doesn't exist
    at Query.Sequence._packetToError (F:\LIYOU\个人发展\华清远见\GitHub\steam-web\code\node_modules\_mysql@2.18.1@mysql\lib\protocol\sequences\Sequence.js:47:14)
    at Query.ErrorPacket (F:\LIYOU\个人发展\华清远见\GitHub\steam-web\code\node_modules\_mysql@2.18.1@mysql\lib\protocol\sequences\Query.js:79:18)
    at Protocol._parsePacket (F:\LIYOU\个人发展\华清远见\GitHub\steam-web\code\node_modules\_mysql@2.18.1@mysql\lib\protocol\Protocol.js:291:23)
    at Parser._parsePacket (F:\LIYOU\个人发展\华清远见\GitHub\steam-web\code\node_modules\_mysql@2.18.1@mysql\lib\protocol\Parser.js:433:10)
    at Parser.write (F:\LIYOU\个人发展\华清远见\GitHub\steam-web\code\node_modules\_mysql@2.18.1@mysql\lib\protocol\Parser.js:43:10)
    at Protocol.write (F:\LIYOU\个人发展\华清远见\GitHub\steam-web\code\node_modules\_mysql@2.18.1@mysql\lib\protocol\Protocol.js:38:16)
    at Socket.<anonymous> (F:\LIYOU\个人发展\华清远见\GitHub\steam-web\code\node_modules\_mysql@2.18.1@mysql\lib\Connection.js:88:28)
    at Socket.<anonymous> (F:\LIYOU\个人发展\华清远见\GitHub\steam-web\code\node_modules\_mysql@2.18.1@mysql\lib\Connection.js:526:10)
    at Socket.emit (events.js:400:28)
    at addChunk (internal/streams/readable.js:290:12)
    --------------------
    at Pool.query (F:\LIYOU\个人发展\华清远见\GitHub\steam-web\code\node_modules\_mysql@2.18.1@mysql\lib\Pool.js:199:23)
    at F:\LIYOU\个人发展\华清远见\GitHub\steam-web\code\node_modules\_pify@2.3.0@pify\index.js:29:7
    at new Promise (<anonymous>)
    at Pool.<anonymous> (F:\LIYOU\个人发展\华清远见\GitHub\steam-web\code\node_modules\_pify@2.3.0@pify\index.js:12:10)
    at Pool.ret [as query] (F:\LIYOU\个人发展\华清远见\GitHub\steam-web\code\node_modules\_pify@2.3.0@pify\index.js:56:34)
    at RDSClient.proto._query (F:\LIYOU\个人发展\华清远见\GitHub\steam-web\code\node_modules\_ali-rds@3.4.0@ali-rds\lib\client.js:38:20)
    at RDSClient.proto.query (F:\LIYOU\个人发展\华清远见\GitHub\steam-web\code\node_modules\_ali-rds@3.4.0@ali-rds\lib\operator.js:54:29)
    at proto.query.next (<anonymous>)
    at onFulfilled (F:\LIYOU\个人发展\华清远见\GitHub\steam-web\code\node_modules\_co@4.6.0@co\index.js:65:19)
    at F:\LIYOU\个人发展\华清远见\GitHub\steam-web\code\node_modules\_co@4.6.0@co\index.js:54:5
    sql: SELECT * FROM `indexGameOne`
code: "ER_NO_SUCH_TABLE"
errno: 1146
sqlMessage: "Table 'steam.indexgameone' doesn't exist"
sqlState: "42S02"
index: 0
sql: "SELECT * FROM `indexGameOne`"
name: "ER_NO_SUCH_TABLEError"
pid: 14984
hostname: DESKTOP-69ODE32

2021-09-24 10:44:03,945 ERROR 14984 [-/192.168.6.14/-/6ms GET /test] nodejs.ER_NO_SUCH_TABLEError: ER_NO_SUCH_TABLE: Table 'steam.indexgameone' doesn't exist
    at Query.Sequence._packetToError (F:\LIYOU\个人发展\华清远见\GitHub\steam-web\code\node_modules\_mysql@2.18.1@mysql\lib\protocol\sequences\Sequence.js:47:14)
    at Query.ErrorPacket (F:\LIYOU\个人发展\华清远见\GitHub\steam-web\code\node_modules\_mysql@2.18.1@mysql\lib\protocol\sequences\Query.js:79:18)
    at Protocol._parsePacket (F:\LIYOU\个人发展\华清远见\GitHub\steam-web\code\node_modules\_mysql@2.18.1@mysql\lib\protocol\Protocol.js:291:23)
    at Parser._parsePacket (F:\LIYOU\个人发展\华清远见\GitHub\steam-web\code\node_modules\_mysql@2.18.1@mysql\lib\protocol\Parser.js:433:10)
    at Parser.write (F:\LIYOU\个人发展\华清远见\GitHub\steam-web\code\node_modules\_mysql@2.18.1@mysql\lib\protocol\Parser.js:43:10)
    at Protocol.write (F:\LIYOU\个人发展\华清远见\GitHub\steam-web\code\node_modules\_mysql@2.18.1@mysql\lib\protocol\Protocol.js:38:16)
    at Socket.<anonymous> (F:\LIYOU\个人发展\华清远见\GitHub\steam-web\code\node_modules\_mysql@2.18.1@mysql\lib\Connection.js:88:28)
    at Socket.<anonymous> (F:\LIYOU\个人发展\华清远见\GitHub\steam-web\code\node_modules\_mysql@2.18.1@mysql\lib\Connection.js:526:10)
    at Socket.emit (events.js:400:28)
    at addChunk (internal/streams/readable.js:290:12)
    --------------------
    at Pool.query (F:\LIYOU\个人发展\华清远见\GitHub\steam-web\code\node_modules\_mysql@2.18.1@mysql\lib\Pool.js:199:23)
    at F:\LIYOU\个人发展\华清远见\GitHub\steam-web\code\node_modules\_pify@2.3.0@pify\index.js:29:7
    at new Promise (<anonymous>)
    at Pool.<anonymous> (F:\LIYOU\个人发展\华清远见\GitHub\steam-web\code\node_modules\_pify@2.3.0@pify\index.js:12:10)
    at Pool.ret [as query] (F:\LIYOU\个人发展\华清远见\GitHub\steam-web\code\node_modules\_pify@2.3.0@pify\index.js:56:34)
    at RDSClient.proto._query (F:\LIYOU\个人发展\华清远见\GitHub\steam-web\code\node_modules\_ali-rds@3.4.0@ali-rds\lib\client.js:38:20)
    at RDSClient.proto.query (F:\LIYOU\个人发展\华清远见\GitHub\steam-web\code\node_modules\_ali-rds@3.4.0@ali-rds\lib\operator.js:54:29)
    at proto.query.next (<anonymous>)
    at onFulfilled (F:\LIYOU\个人发展\华清远见\GitHub\steam-web\code\node_modules\_co@4.6.0@co\index.js:65:19)
    at F:\LIYOU\个人发展\华清远见\GitHub\steam-web\code\node_modules\_co@4.6.0@co\index.js:54:5
    sql: SELECT * FROM `indexGameOne`
code: "ER_NO_SUCH_TABLE"
errno: 1146
sqlMessage: "Table 'steam.indexgameone' doesn't exist"
sqlState: "42S02"
index: 0
sql: "SELECT * FROM `indexGameOne`"
name: "ER_NO_SUCH_TABLEError"
pid: 14984
hostname: DESKTOP-69ODE32

2021-09-24 10:48:14,226 ERROR 17668 [-/192.168.6.14/-/13ms GET /test] nodejs.ER_NO_SUCH_TABLEError: ER_NO_SUCH_TABLE: Table 'steam.indexgameone' doesn't exist
    at Query.Sequence._packetToError (F:\LIYOU\个人发展\华清远见\GitHub\steam-web\code\node_modules\_mysql@2.18.1@mysql\lib\protocol\sequences\Sequence.js:47:14)
    at Query.ErrorPacket (F:\LIYOU\个人发展\华清远见\GitHub\steam-web\code\node_modules\_mysql@2.18.1@mysql\lib\protocol\sequences\Query.js:79:18)
    at Protocol._parsePacket (F:\LIYOU\个人发展\华清远见\GitHub\steam-web\code\node_modules\_mysql@2.18.1@mysql\lib\protocol\Protocol.js:291:23)
    at Parser._parsePacket (F:\LIYOU\个人发展\华清远见\GitHub\steam-web\code\node_modules\_mysql@2.18.1@mysql\lib\protocol\Parser.js:433:10)
    at Parser.write (F:\LIYOU\个人发展\华清远见\GitHub\steam-web\code\node_modules\_mysql@2.18.1@mysql\lib\protocol\Parser.js:43:10)
    at Protocol.write (F:\LIYOU\个人发展\华清远见\GitHub\steam-web\code\node_modules\_mysql@2.18.1@mysql\lib\protocol\Protocol.js:38:16)
    at Socket.<anonymous> (F:\LIYOU\个人发展\华清远见\GitHub\steam-web\code\node_modules\_mysql@2.18.1@mysql\lib\Connection.js:88:28)
    at Socket.<anonymous> (F:\LIYOU\个人发展\华清远见\GitHub\steam-web\code\node_modules\_mysql@2.18.1@mysql\lib\Connection.js:526:10)
    at Socket.emit (events.js:400:28)
    at addChunk (internal/streams/readable.js:290:12)
    --------------------
    at Pool.query (F:\LIYOU\个人发展\华清远见\GitHub\steam-web\code\node_modules\_mysql@2.18.1@mysql\lib\Pool.js:199:23)
    at F:\LIYOU\个人发展\华清远见\GitHub\steam-web\code\node_modules\_pify@2.3.0@pify\index.js:29:7
    at new Promise (<anonymous>)
    at Pool.<anonymous> (F:\LIYOU\个人发展\华清远见\GitHub\steam-web\code\node_modules\_pify@2.3.0@pify\index.js:12:10)
    at Pool.ret [as query] (F:\LIYOU\个人发展\华清远见\GitHub\steam-web\code\node_modules\_pify@2.3.0@pify\index.js:56:34)
    at RDSClient.proto._query (F:\LIYOU\个人发展\华清远见\GitHub\steam-web\code\node_modules\_ali-rds@3.4.0@ali-rds\lib\client.js:38:20)
    at RDSClient.proto.query (F:\LIYOU\个人发展\华清远见\GitHub\steam-web\code\node_modules\_ali-rds@3.4.0@ali-rds\lib\operator.js:54:29)
    at proto.query.next (<anonymous>)
    at onFulfilled (F:\LIYOU\个人发展\华清远见\GitHub\steam-web\code\node_modules\_co@4.6.0@co\index.js:65:19)
    at F:\LIYOU\个人发展\华清远见\GitHub\steam-web\code\node_modules\_co@4.6.0@co\index.js:54:5
    sql: SELECT * FROM `indexGameOne`
code: "ER_NO_SUCH_TABLE"
errno: 1146
sqlMessage: "Table 'steam.indexgameone' doesn't exist"
sqlState: "42S02"
index: 0
sql: "SELECT * FROM `indexGameOne`"
name: "ER_NO_SUCH_TABLEError"
pid: 17668
hostname: DESKTOP-69ODE32

2021-09-24 10:48:37,310 ERROR 10180 [-/192.168.6.14/-/8ms GET /test] nodejs.ER_NO_SUCH_TABLEError: ER_NO_SUCH_TABLE: Table 'steam.indexgametwo' doesn't exist
    at Query.Sequence._packetToError (F:\LIYOU\个人发展\华清远见\GitHub\steam-web\code\node_modules\_mysql@2.18.1@mysql\lib\protocol\sequences\Sequence.js:47:14)
    at Query.ErrorPacket (F:\LIYOU\个人发展\华清远见\GitHub\steam-web\code\node_modules\_mysql@2.18.1@mysql\lib\protocol\sequences\Query.js:79:18)
    at Protocol._parsePacket (F:\LIYOU\个人发展\华清远见\GitHub\steam-web\code\node_modules\_mysql@2.18.1@mysql\lib\protocol\Protocol.js:291:23)
    at Parser._parsePacket (F:\LIYOU\个人发展\华清远见\GitHub\steam-web\code\node_modules\_mysql@2.18.1@mysql\lib\protocol\Parser.js:433:10)
    at Parser.write (F:\LIYOU\个人发展\华清远见\GitHub\steam-web\code\node_modules\_mysql@2.18.1@mysql\lib\protocol\Parser.js:43:10)
    at Protocol.write (F:\LIYOU\个人发展\华清远见\GitHub\steam-web\code\node_modules\_mysql@2.18.1@mysql\lib\protocol\Protocol.js:38:16)
    at Socket.<anonymous> (F:\LIYOU\个人发展\华清远见\GitHub\steam-web\code\node_modules\_mysql@2.18.1@mysql\lib\Connection.js:88:28)
    at Socket.<anonymous> (F:\LIYOU\个人发展\华清远见\GitHub\steam-web\code\node_modules\_mysql@2.18.1@mysql\lib\Connection.js:526:10)
    at Socket.emit (events.js:400:28)
    at addChunk (internal/streams/readable.js:290:12)
    --------------------
    at Pool.query (F:\LIYOU\个人发展\华清远见\GitHub\steam-web\code\node_modules\_mysql@2.18.1@mysql\lib\Pool.js:199:23)
    at F:\LIYOU\个人发展\华清远见\GitHub\steam-web\code\node_modules\_pify@2.3.0@pify\index.js:29:7
    at new Promise (<anonymous>)
    at Pool.<anonymous> (F:\LIYOU\个人发展\华清远见\GitHub\steam-web\code\node_modules\_pify@2.3.0@pify\index.js:12:10)
    at Pool.ret [as query] (F:\LIYOU\个人发展\华清远见\GitHub\steam-web\code\node_modules\_pify@2.3.0@pify\index.js:56:34)
    at RDSClient.proto._query (F:\LIYOU\个人发展\华清远见\GitHub\steam-web\code\node_modules\_ali-rds@3.4.0@ali-rds\lib\client.js:38:20)
    at RDSClient.proto.query (F:\LIYOU\个人发展\华清远见\GitHub\steam-web\code\node_modules\_ali-rds@3.4.0@ali-rds\lib\operator.js:54:29)
    at proto.query.next (<anonymous>)
    at onFulfilled (F:\LIYOU\个人发展\华清远见\GitHub\steam-web\code\node_modules\_co@4.6.0@co\index.js:65:19)
    at F:\LIYOU\个人发展\华清远见\GitHub\steam-web\code\node_modules\_co@4.6.0@co\index.js:54:5
    sql: SELECT * FROM `indexGameTwo`
code: "ER_NO_SUCH_TABLE"
errno: 1146
sqlMessage: "Table 'steam.indexgametwo' doesn't exist"
sqlState: "42S02"
index: 0
sql: "SELECT * FROM `indexGameTwo`"
name: "ER_NO_SUCH_TABLEError"
pid: 10180
hostname: DESKTOP-69ODE32

2021-09-24 10:48:39,241 ERROR 10180 [-/192.168.6.14/-/3ms GET /test] nodejs.ER_NO_SUCH_TABLEError: ER_NO_SUCH_TABLE: Table 'steam.indexgametwo' doesn't exist
    at Query.Sequence._packetToError (F:\LIYOU\个人发展\华清远见\GitHub\steam-web\code\node_modules\_mysql@2.18.1@mysql\lib\protocol\sequences\Sequence.js:47:14)
    at Query.ErrorPacket (F:\LIYOU\个人发展\华清远见\GitHub\steam-web\code\node_modules\_mysql@2.18.1@mysql\lib\protocol\sequences\Query.js:79:18)
    at Protocol._parsePacket (F:\LIYOU\个人发展\华清远见\GitHub\steam-web\code\node_modules\_mysql@2.18.1@mysql\lib\protocol\Protocol.js:291:23)
    at Parser._parsePacket (F:\LIYOU\个人发展\华清远见\GitHub\steam-web\code\node_modules\_mysql@2.18.1@mysql\lib\protocol\Parser.js:433:10)
    at Parser.write (F:\LIYOU\个人发展\华清远见\GitHub\steam-web\code\node_modules\_mysql@2.18.1@mysql\lib\protocol\Parser.js:43:10)
    at Protocol.write (F:\LIYOU\个人发展\华清远见\GitHub\steam-web\code\node_modules\_mysql@2.18.1@mysql\lib\protocol\Protocol.js:38:16)
    at Socket.<anonymous> (F:\LIYOU\个人发展\华清远见\GitHub\steam-web\code\node_modules\_mysql@2.18.1@mysql\lib\Connection.js:88:28)
    at Socket.<anonymous> (F:\LIYOU\个人发展\华清远见\GitHub\steam-web\code\node_modules\_mysql@2.18.1@mysql\lib\Connection.js:526:10)
    at Socket.emit (events.js:400:28)
    at addChunk (internal/streams/readable.js:290:12)
    --------------------
    at Pool.query (F:\LIYOU\个人发展\华清远见\GitHub\steam-web\code\node_modules\_mysql@2.18.1@mysql\lib\Pool.js:199:23)
    at F:\LIYOU\个人发展\华清远见\GitHub\steam-web\code\node_modules\_pify@2.3.0@pify\index.js:29:7
    at new Promise (<anonymous>)
    at Pool.<anonymous> (F:\LIYOU\个人发展\华清远见\GitHub\steam-web\code\node_modules\_pify@2.3.0@pify\index.js:12:10)
    at Pool.ret [as query] (F:\LIYOU\个人发展\华清远见\GitHub\steam-web\code\node_modules\_pify@2.3.0@pify\index.js:56:34)
    at RDSClient.proto._query (F:\LIYOU\个人发展\华清远见\GitHub\steam-web\code\node_modules\_ali-rds@3.4.0@ali-rds\lib\client.js:38:20)
    at RDSClient.proto.query (F:\LIYOU\个人发展\华清远见\GitHub\steam-web\code\node_modules\_ali-rds@3.4.0@ali-rds\lib\operator.js:54:29)
    at proto.query.next (<anonymous>)
    at onFulfilled (F:\LIYOU\个人发展\华清远见\GitHub\steam-web\code\node_modules\_co@4.6.0@co\index.js:65:19)
    at F:\LIYOU\个人发展\华清远见\GitHub\steam-web\code\node_modules\_co@4.6.0@co\index.js:54:5
    sql: SELECT * FROM `indexGameTwo`
code: "ER_NO_SUCH_TABLE"
errno: 1146
sqlMessage: "Table 'steam.indexgametwo' doesn't exist"
sqlState: "42S02"
index: 0
sql: "SELECT * FROM `indexGameTwo`"
name: "ER_NO_SUCH_TABLEError"
pid: 10180
hostname: DESKTOP-69ODE32

2021-09-28 09:19:53,633 ERROR 4456 [-/192.168.6.14/-/296ms POST /login] nodejs.TypeError: Cannot read property 'service' of undefined
    at LoginController.login (F:\LIYOU\个人发展\华清远见\GitHub\steam-web\code\app\controller\login.js:7:29)
    at Object.callFn (F:\LIYOU\个人发展\华清远见\GitHub\steam-web\code\node_modules\_egg-core@4.20.0@egg-core\lib\utils\index.js:44:21)
    at Object.classControllerMiddleware (F:\LIYOU\个人发展\华清远见\GitHub\steam-web\code\node_modules\_egg-core@4.20.0@egg-core\lib\loader\mixin\controller.js:87:20)
    at Object.callFn (F:\LIYOU\个人发展\华清远见\GitHub\steam-web\code\node_modules\_@eggjs_router@2.0.1@@eggjs\router\lib\utils.js:12:21)
    at wrappedController (F:\LIYOU\个人发展\华清远见\GitHub\steam-web\code\node_modules\_@eggjs_router@2.0.1@@eggjs\router\lib\egg_router.js:322:18)
    at dispatch (F:\LIYOU\个人发展\华清远见\GitHub\steam-web\code\node_modules\_koa-compose@3.2.1@koa-compose\index.js:44:32)
    at next (F:\LIYOU\个人发展\华清远见\GitHub\steam-web\code\node_modules\_koa-compose@3.2.1@koa-compose\index.js:45:18)
    at F:\LIYOU\个人发展\华清远见\GitHub\steam-web\code\node_modules\_@eggjs_router@2.0.1@@eggjs\router\lib\router.js:186:18
    at dispatch (F:\LIYOU\个人发展\华清远见\GitHub\steam-web\code\node_modules\_koa-compose@3.2.1@koa-compose\index.js:44:32)
    at F:\LIYOU\个人发展\华清远见\GitHub\steam-web\code\node_modules\_koa-compose@3.2.1@koa-compose\index.js:36:12

pid: 4456
hostname: DESKTOP-69ODE32

2021-09-28 09:21:16,366 ERROR 9128 [-/192.168.6.14/-/25ms POST /login] nodejs.TypeError: Cannot read property 'request' of undefined
    at LoginController.login (F:\LIYOU\个人发展\华清远见\GitHub\steam-web\code\app\controller\login.js:7:25)
    at Object.callFn (F:\LIYOU\个人发展\华清远见\GitHub\steam-web\code\node_modules\_egg-core@4.20.0@egg-core\lib\utils\index.js:44:21)
    at Object.classControllerMiddleware (F:\LIYOU\个人发展\华清远见\GitHub\steam-web\code\node_modules\_egg-core@4.20.0@egg-core\lib\loader\mixin\controller.js:87:20)
    at Object.callFn (F:\LIYOU\个人发展\华清远见\GitHub\steam-web\code\node_modules\_@eggjs_router@2.0.1@@eggjs\router\lib\utils.js:12:21)
    at wrappedController (F:\LIYOU\个人发展\华清远见\GitHub\steam-web\code\node_modules\_@eggjs_router@2.0.1@@eggjs\router\lib\egg_router.js:322:18)
    at dispatch (F:\LIYOU\个人发展\华清远见\GitHub\steam-web\code\node_modules\_koa-compose@3.2.1@koa-compose\index.js:44:32)
    at next (F:\LIYOU\个人发展\华清远见\GitHub\steam-web\code\node_modules\_koa-compose@3.2.1@koa-compose\index.js:45:18)
    at F:\LIYOU\个人发展\华清远见\GitHub\steam-web\code\node_modules\_@eggjs_router@2.0.1@@eggjs\router\lib\router.js:186:18
    at dispatch (F:\LIYOU\个人发展\华清远见\GitHub\steam-web\code\node_modules\_koa-compose@3.2.1@koa-compose\index.js:44:32)
    at F:\LIYOU\个人发展\华清远见\GitHub\steam-web\code\node_modules\_koa-compose@3.2.1@koa-compose\index.js:36:12

pid: 9128
hostname: DESKTOP-69ODE32

2021-09-28 09:21:32,552 ERROR 9128 [-/192.168.6.14/-/1ms POST /login] nodejs.TypeError: Cannot read property 'request' of undefined
    at LoginController.login (F:\LIYOU\个人发展\华清远见\GitHub\steam-web\code\app\controller\login.js:7:25)
    at Object.callFn (F:\LIYOU\个人发展\华清远见\GitHub\steam-web\code\node_modules\_egg-core@4.20.0@egg-core\lib\utils\index.js:44:21)
    at Object.classControllerMiddleware (F:\LIYOU\个人发展\华清远见\GitHub\steam-web\code\node_modules\_egg-core@4.20.0@egg-core\lib\loader\mixin\controller.js:87:20)
    at Object.callFn (F:\LIYOU\个人发展\华清远见\GitHub\steam-web\code\node_modules\_@eggjs_router@2.0.1@@eggjs\router\lib\utils.js:12:21)
    at wrappedController (F:\LIYOU\个人发展\华清远见\GitHub\steam-web\code\node_modules\_@eggjs_router@2.0.1@@eggjs\router\lib\egg_router.js:322:18)
    at dispatch (F:\LIYOU\个人发展\华清远见\GitHub\steam-web\code\node_modules\_koa-compose@3.2.1@koa-compose\index.js:44:32)
    at next (F:\LIYOU\个人发展\华清远见\GitHub\steam-web\code\node_modules\_koa-compose@3.2.1@koa-compose\index.js:45:18)
    at F:\LIYOU\个人发展\华清远见\GitHub\steam-web\code\node_modules\_@eggjs_router@2.0.1@@eggjs\router\lib\router.js:186:18
    at dispatch (F:\LIYOU\个人发展\华清远见\GitHub\steam-web\code\node_modules\_koa-compose@3.2.1@koa-compose\index.js:44:32)
    at F:\LIYOU\个人发展\华清远见\GitHub\steam-web\code\node_modules\_koa-compose@3.2.1@koa-compose\index.js:36:12

pid: 9128
hostname: DESKTOP-69ODE32

2021-09-28 09:27:03,579 ERROR 5948 [-/192.168.6.14/-/9ms POST /login] nodejs.ReferenceError: res is not defined
    at LoginController.login (F:\LIYOU\个人发展\华清远见\GitHub\steam-web\code\app\controller\login.js:39:22)
    at Object.callFn (F:\LIYOU\个人发展\华清远见\GitHub\steam-web\code\node_modules\_egg-core@4.20.0@egg-core\lib\utils\index.js:44:21)
    at Object.classControllerMiddleware (F:\LIYOU\个人发展\华清远见\GitHub\steam-web\code\node_modules\_egg-core@4.20.0@egg-core\lib\loader\mixin\controller.js:87:20)
    at Object.callFn (F:\LIYOU\个人发展\华清远见\GitHub\steam-web\code\node_modules\_@eggjs_router@2.0.1@@eggjs\router\lib\utils.js:12:21)
    at wrappedController (F:\LIYOU\个人发展\华清远见\GitHub\steam-web\code\node_modules\_@eggjs_router@2.0.1@@eggjs\router\lib\egg_router.js:322:18)
    at dispatch (F:\LIYOU\个人发展\华清远见\GitHub\steam-web\code\node_modules\_koa-compose@3.2.1@koa-compose\index.js:44:32)
    at next (F:\LIYOU\个人发展\华清远见\GitHub\steam-web\code\node_modules\_koa-compose@3.2.1@koa-compose\index.js:45:18)
    at F:\LIYOU\个人发展\华清远见\GitHub\steam-web\code\node_modules\_@eggjs_router@2.0.1@@eggjs\router\lib\router.js:186:18
    at dispatch (F:\LIYOU\个人发展\华清远见\GitHub\steam-web\code\node_modules\_koa-compose@3.2.1@koa-compose\index.js:44:32)
    at F:\LIYOU\个人发展\华清远见\GitHub\steam-web\code\node_modules\_koa-compose@3.2.1@koa-compose\index.js:36:12

pid: 5948
hostname: DESKTOP-69ODE32

2021-09-28 09:34:40,844 ERROR 5136 [-/192.168.6.14/-/2ms POST /login] nodejs.ReferenceError: res is not defined
    at LoginController.login (F:\LIYOU\个人发展\华清远见\GitHub\steam-web\code\app\controller\login.js:39:22)
    at Object.callFn (F:\LIYOU\个人发展\华清远见\GitHub\steam-web\code\node_modules\_egg-core@4.20.0@egg-core\lib\utils\index.js:44:21)
    at Object.classControllerMiddleware (F:\LIYOU\个人发展\华清远见\GitHub\steam-web\code\node_modules\_egg-core@4.20.0@egg-core\lib\loader\mixin\controller.js:87:20)
    at Object.callFn (F:\LIYOU\个人发展\华清远见\GitHub\steam-web\code\node_modules\_@eggjs_router@2.0.1@@eggjs\router\lib\utils.js:12:21)
    at wrappedController (F:\LIYOU\个人发展\华清远见\GitHub\steam-web\code\node_modules\_@eggjs_router@2.0.1@@eggjs\router\lib\egg_router.js:322:18)
    at dispatch (F:\LIYOU\个人发展\华清远见\GitHub\steam-web\code\node_modules\_koa-compose@3.2.1@koa-compose\index.js:44:32)
    at next (F:\LIYOU\个人发展\华清远见\GitHub\steam-web\code\node_modules\_koa-compose@3.2.1@koa-compose\index.js:45:18)
    at F:\LIYOU\个人发展\华清远见\GitHub\steam-web\code\node_modules\_@eggjs_router@2.0.1@@eggjs\router\lib\router.js:186:18
    at dispatch (F:\LIYOU\个人发展\华清远见\GitHub\steam-web\code\node_modules\_koa-compose@3.2.1@koa-compose\index.js:44:32)
    at F:\LIYOU\个人发展\华清远见\GitHub\steam-web\code\node_modules\_koa-compose@3.2.1@koa-compose\index.js:36:12

pid: 5136
hostname: DESKTOP-69ODE32

2021-09-28 09:35:08,284 ERROR 5976 [-/192.168.6.14/-/4ms GET /login] nodejs.ReferenceError: res is not defined
    at LoginController.login (F:\LIYOU\个人发展\华清远见\GitHub\steam-web\code\app\controller\login.js:39:22)
    at Object.callFn (F:\LIYOU\个人发展\华清远见\GitHub\steam-web\code\node_modules\_egg-core@4.20.0@egg-core\lib\utils\index.js:44:21)
    at Object.classControllerMiddleware (F:\LIYOU\个人发展\华清远见\GitHub\steam-web\code\node_modules\_egg-core@4.20.0@egg-core\lib\loader\mixin\controller.js:87:20)
    at Object.callFn (F:\LIYOU\个人发展\华清远见\GitHub\steam-web\code\node_modules\_@eggjs_router@2.0.1@@eggjs\router\lib\utils.js:12:21)
    at wrappedController (F:\LIYOU\个人发展\华清远见\GitHub\steam-web\code\node_modules\_@eggjs_router@2.0.1@@eggjs\router\lib\egg_router.js:322:18)
    at dispatch (F:\LIYOU\个人发展\华清远见\GitHub\steam-web\code\node_modules\_koa-compose@3.2.1@koa-compose\index.js:44:32)
    at next (F:\LIYOU\个人发展\华清远见\GitHub\steam-web\code\node_modules\_koa-compose@3.2.1@koa-compose\index.js:45:18)
    at F:\LIYOU\个人发展\华清远见\GitHub\steam-web\code\node_modules\_@eggjs_router@2.0.1@@eggjs\router\lib\router.js:186:18
    at dispatch (F:\LIYOU\个人发展\华清远见\GitHub\steam-web\code\node_modules\_koa-compose@3.2.1@koa-compose\index.js:44:32)
    at F:\LIYOU\个人发展\华清远见\GitHub\steam-web\code\node_modules\_koa-compose@3.2.1@koa-compose\index.js:36:12

pid: 5976
hostname: DESKTOP-69ODE32

2021-09-28 09:35:59,546 ERROR 16696 [-/192.168.6.14/-/5ms GET /test] nodejs.ReferenceError: res is not defined
    at LoginController.login (F:\LIYOU\个人发展\华清远见\GitHub\steam-web\code\app\controller\login.js:39:22)
    at Object.callFn (F:\LIYOU\个人发展\华清远见\GitHub\steam-web\code\node_modules\_egg-core@4.20.0@egg-core\lib\utils\index.js:44:21)
    at Object.classControllerMiddleware (F:\LIYOU\个人发展\华清远见\GitHub\steam-web\code\node_modules\_egg-core@4.20.0@egg-core\lib\loader\mixin\controller.js:87:20)
    at Object.callFn (F:\LIYOU\个人发展\华清远见\GitHub\steam-web\code\node_modules\_@eggjs_router@2.0.1@@eggjs\router\lib\utils.js:12:21)
    at wrappedController (F:\LIYOU\个人发展\华清远见\GitHub\steam-web\code\node_modules\_@eggjs_router@2.0.1@@eggjs\router\lib\egg_router.js:322:18)
    at dispatch (F:\LIYOU\个人发展\华清远见\GitHub\steam-web\code\node_modules\_koa-compose@3.2.1@koa-compose\index.js:44:32)
    at next (F:\LIYOU\个人发展\华清远见\GitHub\steam-web\code\node_modules\_koa-compose@3.2.1@koa-compose\index.js:45:18)
    at F:\LIYOU\个人发展\华清远见\GitHub\steam-web\code\node_modules\_@eggjs_router@2.0.1@@eggjs\router\lib\router.js:186:18
    at dispatch (F:\LIYOU\个人发展\华清远见\GitHub\steam-web\code\node_modules\_koa-compose@3.2.1@koa-compose\index.js:44:32)
    at F:\LIYOU\个人发展\华清远见\GitHub\steam-web\code\node_modules\_koa-compose@3.2.1@koa-compose\index.js:36:12

pid: 16696
hostname: DESKTOP-69ODE32

2021-09-28 09:37:58,696 ERROR 1068 [-/192.168.6.14/-/2ms GET /login] nodejs.ReferenceError: res is not defined
    at LoginController.login (F:\LIYOU\个人发展\华清远见\GitHub\steam-web\code\app\controller\login.js:39:22)
    at Object.callFn (F:\LIYOU\个人发展\华清远见\GitHub\steam-web\code\node_modules\_egg-core@4.20.0@egg-core\lib\utils\index.js:44:21)
    at Object.classControllerMiddleware (F:\LIYOU\个人发展\华清远见\GitHub\steam-web\code\node_modules\_egg-core@4.20.0@egg-core\lib\loader\mixin\controller.js:87:20)
    at Object.callFn (F:\LIYOU\个人发展\华清远见\GitHub\steam-web\code\node_modules\_@eggjs_router@2.0.1@@eggjs\router\lib\utils.js:12:21)
    at wrappedController (F:\LIYOU\个人发展\华清远见\GitHub\steam-web\code\node_modules\_@eggjs_router@2.0.1@@eggjs\router\lib\egg_router.js:322:18)
    at dispatch (F:\LIYOU\个人发展\华清远见\GitHub\steam-web\code\node_modules\_koa-compose@3.2.1@koa-compose\index.js:44:32)
    at next (F:\LIYOU\个人发展\华清远见\GitHub\steam-web\code\node_modules\_koa-compose@3.2.1@koa-compose\index.js:45:18)
    at F:\LIYOU\个人发展\华清远见\GitHub\steam-web\code\node_modules\_@eggjs_router@2.0.1@@eggjs\router\lib\router.js:186:18
    at dispatch (F:\LIYOU\个人发展\华清远见\GitHub\steam-web\code\node_modules\_koa-compose@3.2.1@koa-compose\index.js:44:32)
    at F:\LIYOU\个人发展\华清远见\GitHub\steam-web\code\node_modules\_koa-compose@3.2.1@koa-compose\index.js:36:12

pid: 1068
hostname: DESKTOP-69ODE32

2021-09-28 09:38:00,874 ERROR 1068 [-/192.168.6.14/-/0ms GET /login] nodejs.ReferenceError: res is not defined
    at LoginController.login (F:\LIYOU\个人发展\华清远见\GitHub\steam-web\code\app\controller\login.js:39:22)
    at Object.callFn (F:\LIYOU\个人发展\华清远见\GitHub\steam-web\code\node_modules\_egg-core@4.20.0@egg-core\lib\utils\index.js:44:21)
    at Object.classControllerMiddleware (F:\LIYOU\个人发展\华清远见\GitHub\steam-web\code\node_modules\_egg-core@4.20.0@egg-core\lib\loader\mixin\controller.js:87:20)
    at Object.callFn (F:\LIYOU\个人发展\华清远见\GitHub\steam-web\code\node_modules\_@eggjs_router@2.0.1@@eggjs\router\lib\utils.js:12:21)
    at wrappedController (F:\LIYOU\个人发展\华清远见\GitHub\steam-web\code\node_modules\_@eggjs_router@2.0.1@@eggjs\router\lib\egg_router.js:322:18)
    at dispatch (F:\LIYOU\个人发展\华清远见\GitHub\steam-web\code\node_modules\_koa-compose@3.2.1@koa-compose\index.js:44:32)
    at next (F:\LIYOU\个人发展\华清远见\GitHub\steam-web\code\node_modules\_koa-compose@3.2.1@koa-compose\index.js:45:18)
    at F:\LIYOU\个人发展\华清远见\GitHub\steam-web\code\node_modules\_@eggjs_router@2.0.1@@eggjs\router\lib\router.js:186:18
    at dispatch (F:\LIYOU\个人发展\华清远见\GitHub\steam-web\code\node_modules\_koa-compose@3.2.1@koa-compose\index.js:44:32)
    at F:\LIYOU\个人发展\华清远见\GitHub\steam-web\code\node_modules\_koa-compose@3.2.1@koa-compose\index.js:36:12

pid: 1068
hostname: DESKTOP-69ODE32

2021-09-28 09:39:49,116 ERROR 19272 [-/192.168.6.14/-/8ms GET /login] nodejs.ReferenceError: res is not defined
    at LoginController.login (F:\LIYOU\个人发展\华清远见\GitHub\steam-web\code\app\controller\login.js:43:22)
    at Object.callFn (F:\LIYOU\个人发展\华清远见\GitHub\steam-web\code\node_modules\_egg-core@4.20.0@egg-core\lib\utils\index.js:44:21)
    at Object.classControllerMiddleware (F:\LIYOU\个人发展\华清远见\GitHub\steam-web\code\node_modules\_egg-core@4.20.0@egg-core\lib\loader\mixin\controller.js:87:20)
    at Object.callFn (F:\LIYOU\个人发展\华清远见\GitHub\steam-web\code\node_modules\_@eggjs_router@2.0.1@@eggjs\router\lib\utils.js:12:21)
    at wrappedController (F:\LIYOU\个人发展\华清远见\GitHub\steam-web\code\node_modules\_@eggjs_router@2.0.1@@eggjs\router\lib\egg_router.js:322:18)
    at dispatch (F:\LIYOU\个人发展\华清远见\GitHub\steam-web\code\node_modules\_koa-compose@3.2.1@koa-compose\index.js:44:32)
    at next (F:\LIYOU\个人发展\华清远见\GitHub\steam-web\code\node_modules\_koa-compose@3.2.1@koa-compose\index.js:45:18)
    at F:\LIYOU\个人发展\华清远见\GitHub\steam-web\code\node_modules\_@eggjs_router@2.0.1@@eggjs\router\lib\router.js:186:18
    at dispatch (F:\LIYOU\个人发展\华清远见\GitHub\steam-web\code\node_modules\_koa-compose@3.2.1@koa-compose\index.js:44:32)
    at F:\LIYOU\个人发展\华清远见\GitHub\steam-web\code\node_modules\_koa-compose@3.2.1@koa-compose\index.js:36:12

pid: 19272
hostname: DESKTOP-69ODE32

2021-09-28 09:40:58,781 ERROR 18816 [-/192.168.6.14/-/6ms GET /login] nodejs.ReferenceError: res is not defined
    at LoginController.ss (F:\LIYOU\个人发展\华清远见\GitHub\steam-web\code\app\controller\login.js:43:18)
    at Object.callFn (F:\LIYOU\个人发展\华清远见\GitHub\steam-web\code\node_modules\_egg-core@4.20.0@egg-core\lib\utils\index.js:44:21)
    at Object.classControllerMiddleware (F:\LIYOU\个人发展\华清远见\GitHub\steam-web\code\node_modules\_egg-core@4.20.0@egg-core\lib\loader\mixin\controller.js:87:20)
    at Object.callFn (F:\LIYOU\个人发展\华清远见\GitHub\steam-web\code\node_modules\_@eggjs_router@2.0.1@@eggjs\router\lib\utils.js:12:21)
    at wrappedController (F:\LIYOU\个人发展\华清远见\GitHub\steam-web\code\node_modules\_@eggjs_router@2.0.1@@eggjs\router\lib\egg_router.js:322:18)
    at dispatch (F:\LIYOU\个人发展\华清远见\GitHub\steam-web\code\node_modules\_koa-compose@3.2.1@koa-compose\index.js:44:32)
    at next (F:\LIYOU\个人发展\华清远见\GitHub\steam-web\code\node_modules\_koa-compose@3.2.1@koa-compose\index.js:45:18)
    at F:\LIYOU\个人发展\华清远见\GitHub\steam-web\code\node_modules\_@eggjs_router@2.0.1@@eggjs\router\lib\router.js:186:18
    at dispatch (F:\LIYOU\个人发展\华清远见\GitHub\steam-web\code\node_modules\_koa-compose@3.2.1@koa-compose\index.js:44:32)
    at F:\LIYOU\个人发展\华清远见\GitHub\steam-web\code\node_modules\_koa-compose@3.2.1@koa-compose\index.js:36:12

pid: 18816
hostname: DESKTOP-69ODE32

2021-09-28 09:43:06,721 ERROR 18244 [-/192.168.6.14/-/24ms GET /login] nodejs.ReferenceError: res is not defined
    at LoginController.ss (F:\LIYOU\个人发展\华清远见\GitHub\steam-web\code\app\controller\login.js:43:24)
    at Object.callFn (F:\LIYOU\个人发展\华清远见\GitHub\steam-web\code\node_modules\_egg-core@4.20.0@egg-core\lib\utils\index.js:44:21)
    at Object.classControllerMiddleware (F:\LIYOU\个人发展\华清远见\GitHub\steam-web\code\node_modules\_egg-core@4.20.0@egg-core\lib\loader\mixin\controller.js:87:20)
    at Object.callFn (F:\LIYOU\个人发展\华清远见\GitHub\steam-web\code\node_modules\_@eggjs_router@2.0.1@@eggjs\router\lib\utils.js:12:21)
    at wrappedController (F:\LIYOU\个人发展\华清远见\GitHub\steam-web\code\node_modules\_@eggjs_router@2.0.1@@eggjs\router\lib\egg_router.js:322:18)
    at dispatch (F:\LIYOU\个人发展\华清远见\GitHub\steam-web\code\node_modules\_koa-compose@3.2.1@koa-compose\index.js:44:32)
    at next (F:\LIYOU\个人发展\华清远见\GitHub\steam-web\code\node_modules\_koa-compose@3.2.1@koa-compose\index.js:45:18)
    at F:\LIYOU\个人发展\华清远见\GitHub\steam-web\code\node_modules\_@eggjs_router@2.0.1@@eggjs\router\lib\router.js:186:18
    at dispatch (F:\LIYOU\个人发展\华清远见\GitHub\steam-web\code\node_modules\_koa-compose@3.2.1@koa-compose\index.js:44:32)
    at F:\LIYOU\个人发展\华清远见\GitHub\steam-web\code\node_modules\_koa-compose@3.2.1@koa-compose\index.js:36:12

pid: 18244
hostname: DESKTOP-69ODE32

2021-09-28 09:45:57,783 ERROR 15328 [-/192.168.6.14/-/41ms POST /login] nodejs.Error: Please set config.keys first
    at Application.get keys [as keys] (F:\LIYOU\个人发展\华清远见\GitHub\steam-web\code\node_modules\_egg@2.30.0@egg\lib\application.js:266:15)
    at Object.get cookies [as cookies] (F:\LIYOU\个人发展\华清远见\GitHub\steam-web\code\node_modules\_egg@2.30.0@egg\app\extend\context.js:22:66)
    at LoginController.ss (F:\LIYOU\个人发展\华清远见\GitHub\steam-web\code\app\controller\login.js:21:17)
    at processTicksAndRejections (internal/process/task_queues.js:95:5)
    at async F:\LIYOU\个人发展\华清远见\GitHub\steam-web\code\node_modules\_egg-development@2.7.0@egg-development\app\middleware\egg_loader_trace.js:9:50
    at async xframe (F:\LIYOU\个人发展\华清远见\GitHub\steam-web\code\node_modules\_egg-security@2.9.0@egg-security\lib\middlewares\xframe.js:7:5)
    at async xssProtection (F:\LIYOU\个人发展\华清远见\GitHub\steam-web\code\node_modules\_egg-security@2.9.0@egg-security\lib\middlewares\xssProtection.js:7:5)
    at async nosniff (F:\LIYOU\个人发展\华清远见\GitHub\steam-web\code\node_modules\_egg-security@2.9.0@egg-security\lib\middlewares\nosniff.js:8:5)
    at async noopen (F:\LIYOU\个人发展\华清远见\GitHub\steam-web\code\node_modules\_egg-security@2.9.0@egg-security\lib\middlewares\noopen.js:8:5)
    at async session (F:\LIYOU\个人发展\华清远见\GitHub\steam-web\code\node_modules\_koa-session@6.2.0@koa-session\index.js:41:7)

pid: 15328
hostname: DESKTOP-69ODE32

2021-09-28 15:03:47,612 ERROR 1480 [-/192.168.6.57/-/12ms GET /gameModule?module=TodayRrecommendation%0A] nodejs.TypeError: Cannot read property 'service' of undefined
    at GameController.selects (F:\LIYOU\个人发展\华清远见\GitHub\steam-web\code\app\controller\game.js:7:29)
    at Object.callFn (F:\LIYOU\个人发展\华清远见\GitHub\steam-web\code\node_modules\_egg-core@4.20.0@egg-core\lib\utils\index.js:44:21)
    at Object.classControllerMiddleware (F:\LIYOU\个人发展\华清远见\GitHub\steam-web\code\node_modules\_egg-core@4.20.0@egg-core\lib\loader\mixin\controller.js:87:20)
    at Object.callFn (F:\LIYOU\个人发展\华清远见\GitHub\steam-web\code\node_modules\_@eggjs_router@2.0.1@@eggjs\router\lib\utils.js:12:21)
    at wrappedController (F:\LIYOU\个人发展\华清远见\GitHub\steam-web\code\node_modules\_@eggjs_router@2.0.1@@eggjs\router\lib\egg_router.js:322:18)
    at dispatch (F:\LIYOU\个人发展\华清远见\GitHub\steam-web\code\node_modules\_koa-compose@3.2.1@koa-compose\index.js:44:32)
    at next (F:\LIYOU\个人发展\华清远见\GitHub\steam-web\code\node_modules\_koa-compose@3.2.1@koa-compose\index.js:45:18)
    at F:\LIYOU\个人发展\华清远见\GitHub\steam-web\code\node_modules\_@eggjs_router@2.0.1@@eggjs\router\lib\router.js:186:18
    at dispatch (F:\LIYOU\个人发展\华清远见\GitHub\steam-web\code\node_modules\_koa-compose@3.2.1@koa-compose\index.js:44:32)
    at F:\LIYOU\个人发展\华清远见\GitHub\steam-web\code\node_modules\_koa-compose@3.2.1@koa-compose\index.js:36:12

pid: 1480
hostname: DESKTOP-69ODE32

2021-09-28 15:04:39,575 ERROR 18460 [-/192.168.6.57/-/10ms GET /gameModule?module=TodayRrecommendation%0A] nodejs.TypeError: Cannot set property 'body' of undefined
    at GameController.selects (F:\LIYOU\个人发展\华清远见\GitHub\steam-web\code\app\controller\game.js:10:18)
    at Object.callFn (F:\LIYOU\个人发展\华清远见\GitHub\steam-web\code\node_modules\_egg-core@4.20.0@egg-core\lib\utils\index.js:44:21)
    at Object.classControllerMiddleware (F:\LIYOU\个人发展\华清远见\GitHub\steam-web\code\node_modules\_egg-core@4.20.0@egg-core\lib\loader\mixin\controller.js:87:20)
    at Object.callFn (F:\LIYOU\个人发展\华清远见\GitHub\steam-web\code\node_modules\_@eggjs_router@2.0.1@@eggjs\router\lib\utils.js:12:21)
    at wrappedController (F:\LIYOU\个人发展\华清远见\GitHub\steam-web\code\node_modules\_@eggjs_router@2.0.1@@eggjs\router\lib\egg_router.js:322:18)
    at dispatch (F:\LIYOU\个人发展\华清远见\GitHub\steam-web\code\node_modules\_koa-compose@3.2.1@koa-compose\index.js:44:32)
    at next (F:\LIYOU\个人发展\华清远见\GitHub\steam-web\code\node_modules\_koa-compose@3.2.1@koa-compose\index.js:45:18)
    at F:\LIYOU\个人发展\华清远见\GitHub\steam-web\code\node_modules\_@eggjs_router@2.0.1@@eggjs\router\lib\router.js:186:18
    at dispatch (F:\LIYOU\个人发展\华清远见\GitHub\steam-web\code\node_modules\_koa-compose@3.2.1@koa-compose\index.js:44:32)
    at F:\LIYOU\个人发展\华清远见\GitHub\steam-web\code\node_modules\_koa-compose@3.2.1@koa-compose\index.js:36:12

pid: 18460
hostname: DESKTOP-69ODE32

2021-09-28 15:04:42,567 ERROR 18460 [-/192.168.6.57/-/3ms GET /gameModule?module=TodayRrecommendation%0A] nodejs.TypeError: Cannot set property 'body' of undefined
    at GameController.selects (F:\LIYOU\个人发展\华清远见\GitHub\steam-web\code\app\controller\game.js:10:18)
    at Object.callFn (F:\LIYOU\个人发展\华清远见\GitHub\steam-web\code\node_modules\_egg-core@4.20.0@egg-core\lib\utils\index.js:44:21)
    at Object.classControllerMiddleware (F:\LIYOU\个人发展\华清远见\GitHub\steam-web\code\node_modules\_egg-core@4.20.0@egg-core\lib\loader\mixin\controller.js:87:20)
    at Object.callFn (F:\LIYOU\个人发展\华清远见\GitHub\steam-web\code\node_modules\_@eggjs_router@2.0.1@@eggjs\router\lib\utils.js:12:21)
    at wrappedController (F:\LIYOU\个人发展\华清远见\GitHub\steam-web\code\node_modules\_@eggjs_router@2.0.1@@eggjs\router\lib\egg_router.js:322:18)
    at dispatch (F:\LIYOU\个人发展\华清远见\GitHub\steam-web\code\node_modules\_koa-compose@3.2.1@koa-compose\index.js:44:32)
    at next (F:\LIYOU\个人发展\华清远见\GitHub\steam-web\code\node_modules\_koa-compose@3.2.1@koa-compose\index.js:45:18)
    at F:\LIYOU\个人发展\华清远见\GitHub\steam-web\code\node_modules\_@eggjs_router@2.0.1@@eggjs\router\lib\router.js:186:18
    at dispatch (F:\LIYOU\个人发展\华清远见\GitHub\steam-web\code\node_modules\_koa-compose@3.2.1@koa-compose\index.js:44:32)
    at F:\LIYOU\个人发展\华清远见\GitHub\steam-web\code\node_modules\_koa-compose@3.2.1@koa-compose\index.js:36:12

pid: 18460
hostname: DESKTOP-69ODE32

2021-09-28 15:34:01,837 ERROR 9108 [-/192.168.6.53/-/31ms POST /login] nodejs.ReferenceError: flase is not defined
    at SelectService.user (F:\LIYOU\个人发展\华清远见\GitHub\steam-web\code\app\service\select.js:29:13)
    at processTicksAndRejections (internal/process/task_queues.js:95:5)
    at async LoginController.login (F:\LIYOU\个人发展\华清远见\GitHub\steam-web\code\app\controller\login.js:12:19)
    at async F:\LIYOU\个人发展\华清远见\GitHub\steam-web\code\node_modules\_egg-development@2.7.0@egg-development\app\middleware\egg_loader_trace.js:9:50
    at async xframe (F:\LIYOU\个人发展\华清远见\GitHub\steam-web\code\node_modules\_egg-security@2.9.0@egg-security\lib\middlewares\xframe.js:7:5)
    at async xssProtection (F:\LIYOU\个人发展\华清远见\GitHub\steam-web\code\node_modules\_egg-security@2.9.0@egg-security\lib\middlewares\xssProtection.js:7:5)
    at async nosniff (F:\LIYOU\个人发展\华清远见\GitHub\steam-web\code\node_modules\_egg-security@2.9.0@egg-security\lib\middlewares\nosniff.js:8:5)
    at async noopen (F:\LIYOU\个人发展\华清远见\GitHub\steam-web\code\node_modules\_egg-security@2.9.0@egg-security\lib\middlewares\noopen.js:8:5)
    at async session (F:\LIYOU\个人发展\华清远见\GitHub\steam-web\code\node_modules\_koa-session@6.2.0@koa-session\index.js:41:7)
    at async bodyParser (F:\LIYOU\个人发展\华清远见\GitHub\steam-web\code\node_modules\_koa-bodyparser@4.3.0@koa-bodyparser\index.js:95:5)
headers: {"Access-Control-Allow-Origin":"*","vary":"Origin"}
pid: 9108
hostname: DESKTOP-69ODE32

2021-09-28 15:34:22,242 ERROR 9108 [-/192.168.6.53/-/6ms POST /login] nodejs.ReferenceError: flase is not defined
    at SelectService.user (F:\LIYOU\个人发展\华清远见\GitHub\steam-web\code\app\service\select.js:29:13)
    at processTicksAndRejections (internal/process/task_queues.js:95:5)
    at async LoginController.login (F:\LIYOU\个人发展\华清远见\GitHub\steam-web\code\app\controller\login.js:12:19)
    at async F:\LIYOU\个人发展\华清远见\GitHub\steam-web\code\node_modules\_egg-development@2.7.0@egg-development\app\middleware\egg_loader_trace.js:9:50
    at async xframe (F:\LIYOU\个人发展\华清远见\GitHub\steam-web\code\node_modules\_egg-security@2.9.0@egg-security\lib\middlewares\xframe.js:7:5)
    at async xssProtection (F:\LIYOU\个人发展\华清远见\GitHub\steam-web\code\node_modules\_egg-security@2.9.0@egg-security\lib\middlewares\xssProtection.js:7:5)
    at async nosniff (F:\LIYOU\个人发展\华清远见\GitHub\steam-web\code\node_modules\_egg-security@2.9.0@egg-security\lib\middlewares\nosniff.js:8:5)
    at async noopen (F:\LIYOU\个人发展\华清远见\GitHub\steam-web\code\node_modules\_egg-security@2.9.0@egg-security\lib\middlewares\noopen.js:8:5)
    at async session (F:\LIYOU\个人发展\华清远见\GitHub\steam-web\code\node_modules\_koa-session@6.2.0@koa-session\index.js:41:7)
    at async bodyParser (F:\LIYOU\个人发展\华清远见\GitHub\steam-web\code\node_modules\_koa-bodyparser@4.3.0@koa-bodyparser\index.js:95:5)
headers: {"Access-Control-Allow-Origin":"*","vary":"Origin"}
pid: 9108
hostname: DESKTOP-69ODE32

