2021-09-23 10:23:00,966 INFO 13376 [Timer] F:\LIYOU\个人发展\华清远见\GitHub\steam-web\code\node_modules\egg-multipart\app\schedule\clean_tmpdir.js next time will execute after 65219038ms at 2021-09-24 04:30:00.004
2021-09-23 10:23:00,967 INFO 13376 [Timer] F:\LIYOU\个人发展\华清远见\GitHub\steam-web\code\node_modules\egg-logrotator\app\schedule\clean_log.js next time will execute after 49019034ms at 2021-09-24 00:00:00.001
2021-09-23 10:23:00,968 INFO 13376 [Timer] F:\LIYOU\个人发展\华清远见\GitHub\steam-web\code\node_modules\egg-logrotator\app\schedule\rotate_by_file.js next time will execute after 49020033ms at 2021-09-24 00:00:01.001
2021-09-23 10:23:00,592 INFO 12612 [egg-schedule]: register schedule F:\LIYOU\个人发展\华清远见\GitHub\steam-web\code\node_modules\egg-multipart\app\schedule\clean_tmpdir.js
2021-09-23 10:23:00,592 INFO 12612 [egg-schedule]: register schedule F:\LIYOU\个人发展\华清远见\GitHub\steam-web\code\node_modules\egg-logrotator\app\schedule\clean_log.js
2021-09-23 10:23:00,592 INFO 12612 [egg-schedule]: register schedule F:\LIYOU\个人发展\华清远见\GitHub\steam-web\code\node_modules\egg-logrotator\app\schedule\rotate_by_file.js
2021-09-23 11:25:04,845 INFO 14164 [egg-schedule]: register schedule F:\LIYOU\个人发展\华清远见\GitHub\steam-web\code\node_modules\egg-multipart\app\schedule\clean_tmpdir.js
2021-09-23 11:25:04,845 INFO 14164 [egg-schedule]: register schedule F:\LIYOU\个人发展\华清远见\GitHub\steam-web\code\node_modules\egg-logrotator\app\schedule\clean_log.js
2021-09-23 11:25:04,845 INFO 14164 [egg-schedule]: register schedule F:\LIYOU\个人发展\华清远见\GitHub\steam-web\code\node_modules\egg-logrotator\app\schedule\rotate_by_file.js
2021-09-23 11:25:05,222 INFO 9268 [Timer] F:\LIYOU\个人发展\华清远见\GitHub\steam-web\code\node_modules\egg-multipart\app\schedule\clean_tmpdir.js next time will execute after 61494782ms at 2021-09-24 04:30:00.004
2021-09-23 11:25:05,223 INFO 9268 [Timer] F:\LIYOU\个人发展\华清远见\GitHub\steam-web\code\node_modules\egg-logrotator\app\schedule\clean_log.js next time will execute after 45294777ms at 2021-09-24 00:00:00.000
2021-09-23 11:25:05,223 INFO 9268 [Timer] F:\LIYOU\个人发展\华清远见\GitHub\steam-web\code\node_modules\egg-logrotator\app\schedule\rotate_by_file.js next time will execute after 45295777ms at 2021-09-24 00:00:01.000
2021-09-23 11:26:43,537 INFO 17324 [egg-schedule]: register schedule F:\LIYOU\个人发展\华清远见\GitHub\steam-web\code\node_modules\egg-multipart\app\schedule\clean_tmpdir.js
2021-09-23 11:26:43,537 INFO 17324 [egg-schedule]: register schedule F:\LIYOU\个人发展\华清远见\GitHub\steam-web\code\node_modules\egg-logrotator\app\schedule\clean_log.js
2021-09-23 11:26:43,537 INFO 17324 [egg-schedule]: register schedule F:\LIYOU\个人发展\华清远见\GitHub\steam-web\code\node_modules\egg-logrotator\app\schedule\rotate_by_file.js
2021-09-23 11:28:16,635 INFO 9572 [egg-schedule]: register schedule F:\LIYOU\个人发展\华清远见\GitHub\steam-web\code\node_modules\egg-multipart\app\schedule\clean_tmpdir.js
2021-09-23 11:28:16,635 INFO 9572 [egg-schedule]: register schedule F:\LIYOU\个人发展\华清远见\GitHub\steam-web\code\node_modules\egg-logrotator\app\schedule\clean_log.js
2021-09-23 11:28:16,635 INFO 9572 [egg-schedule]: register schedule F:\LIYOU\个人发展\华清远见\GitHub\steam-web\code\node_modules\egg-logrotator\app\schedule\rotate_by_file.js
2021-09-23 11:28:53,661 INFO 10636 [egg-schedule]: register schedule F:\LIYOU\个人发展\华清远见\GitHub\steam-web\code\node_modules\egg-multipart\app\schedule\clean_tmpdir.js
2021-09-23 11:28:53,661 INFO 10636 [egg-schedule]: register schedule F:\LIYOU\个人发展\华清远见\GitHub\steam-web\code\node_modules\egg-logrotator\app\schedule\clean_log.js
2021-09-23 11:28:53,661 INFO 10636 [egg-schedule]: register schedule F:\LIYOU\个人发展\华清远见\GitHub\steam-web\code\node_modules\egg-logrotator\app\schedule\rotate_by_file.js
2021-09-23 11:28:54,050 INFO 8632 [Timer] F:\LIYOU\个人发展\华清远见\GitHub\steam-web\code\node_modules\egg-multipart\app\schedule\clean_tmpdir.js next time will execute after 61265953ms at 2021-09-24 04:30:00.003
2021-09-23 11:28:54,050 INFO 8632 [Timer] F:\LIYOU\个人发展\华清远见\GitHub\steam-web\code\node_modules\egg-logrotator\app\schedule\clean_log.js next time will execute after 45065950ms at 2021-09-24 00:00:00.000
2021-09-23 11:28:54,051 INFO 8632 [Timer] F:\LIYOU\个人发展\华清远见\GitHub\steam-web\code\node_modules\egg-logrotator\app\schedule\rotate_by_file.js next time will execute after 45066950ms at 2021-09-24 00:00:01.001
2021-09-23 11:30:41,668 INFO 5052 [Timer] F:\LIYOU\个人发展\华清远见\GitHub\steam-web\code\node_modules\egg-multipart\app\schedule\clean_tmpdir.js next time will execute after 61158336ms at 2021-09-24 04:30:00.004
2021-09-23 11:30:41,668 INFO 5052 [Timer] F:\LIYOU\个人发展\华清远见\GitHub\steam-web\code\node_modules\egg-logrotator\app\schedule\clean_log.js next time will execute after 44958332ms at 2021-09-24 00:00:00.000
2021-09-23 11:30:41,669 INFO 5052 [Timer] F:\LIYOU\个人发展\华清远见\GitHub\steam-web\code\node_modules\egg-logrotator\app\schedule\rotate_by_file.js next time will execute after 44959332ms at 2021-09-24 00:00:01.001
2021-09-23 11:30:41,334 INFO 11072 [egg-schedule]: register schedule F:\LIYOU\个人发展\华清远见\GitHub\steam-web\code\node_modules\egg-multipart\app\schedule\clean_tmpdir.js
2021-09-23 11:30:41,334 INFO 11072 [egg-schedule]: register schedule F:\LIYOU\个人发展\华清远见\GitHub\steam-web\code\node_modules\egg-logrotator\app\schedule\clean_log.js
2021-09-23 11:30:41,334 INFO 11072 [egg-schedule]: register schedule F:\LIYOU\个人发展\华清远见\GitHub\steam-web\code\node_modules\egg-logrotator\app\schedule\rotate_by_file.js
2021-09-24 10:26:00,932 INFO 1960 [egg-schedule]: register schedule F:\LIYOU\个人发展\华清远见\GitHub\steam-web\code\node_modules\_egg-multipart@2.13.1@egg-multipart\app\schedule\clean_tmpdir.js
2021-09-24 10:26:00,932 INFO 1960 [egg-schedule]: register schedule F:\LIYOU\个人发展\华清远见\GitHub\steam-web\code\node_modules\_egg-logrotator@3.1.0@egg-logrotator\app\schedule\clean_log.js
2021-09-24 10:26:00,932 INFO 1960 [egg-schedule]: register schedule F:\LIYOU\个人发展\华清远见\GitHub\steam-web\code\node_modules\_egg-logrotator@3.1.0@egg-logrotator\app\schedule\rotate_by_file.js
2021-09-24 10:26:01,207 INFO 11632 [Timer] F:\LIYOU\个人发展\华清远见\GitHub\steam-web\code\node_modules\_egg-multipart@2.13.1@egg-multipart\app\schedule\clean_tmpdir.js next time will execute after 65038797ms at 2021-09-25 04:30:00.004
2021-09-24 10:26:01,208 INFO 11632 [Timer] F:\LIYOU\个人发展\华清远见\GitHub\steam-web\code\node_modules\_egg-logrotator@3.1.0@egg-logrotator\app\schedule\clean_log.js next time will execute after 48838792ms at 2021-09-25 00:00:00.000
2021-09-24 10:26:01,209 INFO 11632 [Timer] F:\LIYOU\个人发展\华清远见\GitHub\steam-web\code\node_modules\_egg-logrotator@3.1.0@egg-logrotator\app\schedule\rotate_by_file.js next time will execute after 48839792ms at 2021-09-25 00:00:01.001
2021-09-24 10:28:18,767 INFO 15444 [egg-schedule]: register schedule F:\LIYOU\个人发展\华清远见\GitHub\steam-web\code\node_modules\_egg-multipart@2.13.1@egg-multipart\app\schedule\clean_tmpdir.js
2021-09-24 10:28:18,767 INFO 15444 [egg-schedule]: register schedule F:\LIYOU\个人发展\华清远见\GitHub\steam-web\code\node_modules\_egg-logrotator@3.1.0@egg-logrotator\app\schedule\clean_log.js
2021-09-24 10:28:18,767 INFO 15444 [egg-schedule]: register schedule F:\LIYOU\个人发展\华清远见\GitHub\steam-web\code\node_modules\_egg-logrotator@3.1.0@egg-logrotator\app\schedule\rotate_by_file.js
2021-09-24 10:28:19,168 INFO 18920 [Timer] F:\LIYOU\个人发展\华清远见\GitHub\steam-web\code\node_modules\_egg-multipart@2.13.1@egg-multipart\app\schedule\clean_tmpdir.js next time will execute after 64900835ms at 2021-09-25 04:30:00.003
2021-09-24 10:28:19,168 INFO 18920 [Timer] F:\LIYOU\个人发展\华清远见\GitHub\steam-web\code\node_modules\_egg-logrotator@3.1.0@egg-logrotator\app\schedule\clean_log.js next time will execute after 48700832ms at 2021-09-25 00:00:00.000
2021-09-24 10:28:19,169 INFO 18920 [Timer] F:\LIYOU\个人发展\华清远见\GitHub\steam-web\code\node_modules\_egg-logrotator@3.1.0@egg-logrotator\app\schedule\rotate_by_file.js next time will execute after 48701832ms at 2021-09-25 00:00:01.001
2021-09-24 10:30:39,149 INFO 13644 [egg-schedule]: register schedule F:\LIYOU\个人发展\华清远见\GitHub\steam-web\code\node_modules\_egg-multipart@2.13.1@egg-multipart\app\schedule\clean_tmpdir.js
2021-09-24 10:30:39,149 INFO 13644 [egg-schedule]: register schedule F:\LIYOU\个人发展\华清远见\GitHub\steam-web\code\node_modules\_egg-logrotator@3.1.0@egg-logrotator\app\schedule\clean_log.js
2021-09-24 10:30:39,149 INFO 13644 [egg-schedule]: register schedule F:\LIYOU\个人发展\华清远见\GitHub\steam-web\code\node_modules\_egg-logrotator@3.1.0@egg-logrotator\app\schedule\rotate_by_file.js
2021-09-24 10:31:58,088 INFO 18444 [egg-schedule]: register schedule F:\LIYOU\个人发展\华清远见\GitHub\steam-web\code\node_modules\_egg-multipart@2.13.1@egg-multipart\app\schedule\clean_tmpdir.js
2021-09-24 10:31:58,088 INFO 18444 [egg-schedule]: register schedule F:\LIYOU\个人发展\华清远见\GitHub\steam-web\code\node_modules\_egg-logrotator@3.1.0@egg-logrotator\app\schedule\clean_log.js
2021-09-24 10:31:58,088 INFO 18444 [egg-schedule]: register schedule F:\LIYOU\个人发展\华清远见\GitHub\steam-web\code\node_modules\_egg-logrotator@3.1.0@egg-logrotator\app\schedule\rotate_by_file.js
2021-09-24 10:35:05,122 INFO 9932 [egg-schedule]: register schedule F:\LIYOU\个人发展\华清远见\GitHub\steam-web\code\node_modules\_egg-multipart@2.13.1@egg-multipart\app\schedule\clean_tmpdir.js
2021-09-24 10:35:05,122 INFO 9932 [egg-schedule]: register schedule F:\LIYOU\个人发展\华清远见\GitHub\steam-web\code\node_modules\_egg-logrotator@3.1.0@egg-logrotator\app\schedule\clean_log.js
2021-09-24 10:35:05,122 INFO 9932 [egg-schedule]: register schedule F:\LIYOU\个人发展\华清远见\GitHub\steam-web\code\node_modules\_egg-logrotator@3.1.0@egg-logrotator\app\schedule\rotate_by_file.js
2021-09-24 10:35:40,093 INFO 5280 [egg-schedule]: register schedule F:\LIYOU\个人发展\华清远见\GitHub\steam-web\code\node_modules\_egg-multipart@2.13.1@egg-multipart\app\schedule\clean_tmpdir.js
2021-09-24 10:35:40,093 INFO 5280 [egg-schedule]: register schedule F:\LIYOU\个人发展\华清远见\GitHub\steam-web\code\node_modules\_egg-logrotator@3.1.0@egg-logrotator\app\schedule\clean_log.js
2021-09-24 10:35:40,093 INFO 5280 [egg-schedule]: register schedule F:\LIYOU\个人发展\华清远见\GitHub\steam-web\code\node_modules\_egg-logrotator@3.1.0@egg-logrotator\app\schedule\rotate_by_file.js
2021-09-24 10:36:12,129 INFO 16320 [egg-schedule]: register schedule F:\LIYOU\个人发展\华清远见\GitHub\steam-web\code\node_modules\_egg-multipart@2.13.1@egg-multipart\app\schedule\clean_tmpdir.js
2021-09-24 10:36:12,129 INFO 16320 [egg-schedule]: register schedule F:\LIYOU\个人发展\华清远见\GitHub\steam-web\code\node_modules\_egg-logrotator@3.1.0@egg-logrotator\app\schedule\clean_log.js
2021-09-24 10:36:12,129 INFO 16320 [egg-schedule]: register schedule F:\LIYOU\个人发展\华清远见\GitHub\steam-web\code\node_modules\_egg-logrotator@3.1.0@egg-logrotator\app\schedule\rotate_by_file.js
2021-09-24 10:36:15,852 INFO 17220 [egg-schedule]: register schedule F:\LIYOU\个人发展\华清远见\GitHub\steam-web\code\node_modules\_egg-multipart@2.13.1@egg-multipart\app\schedule\clean_tmpdir.js
2021-09-24 10:36:15,852 INFO 17220 [egg-schedule]: register schedule F:\LIYOU\个人发展\华清远见\GitHub\steam-web\code\node_modules\_egg-logrotator@3.1.0@egg-logrotator\app\schedule\clean_log.js
2021-09-24 10:36:15,852 INFO 17220 [egg-schedule]: register schedule F:\LIYOU\个人发展\华清远见\GitHub\steam-web\code\node_modules\_egg-logrotator@3.1.0@egg-logrotator\app\schedule\rotate_by_file.js
2021-09-24 10:36:35,893 INFO 2696 [egg-schedule]: register schedule F:\LIYOU\个人发展\华清远见\GitHub\steam-web\code\node_modules\_egg-multipart@2.13.1@egg-multipart\app\schedule\clean_tmpdir.js
2021-09-24 10:36:35,893 INFO 2696 [egg-schedule]: register schedule F:\LIYOU\个人发展\华清远见\GitHub\steam-web\code\node_modules\_egg-logrotator@3.1.0@egg-logrotator\app\schedule\clean_log.js
2021-09-24 10:36:35,893 INFO 2696 [egg-schedule]: register schedule F:\LIYOU\个人发展\华清远见\GitHub\steam-web\code\node_modules\_egg-logrotator@3.1.0@egg-logrotator\app\schedule\rotate_by_file.js
2021-09-24 10:36:48,675 INFO 952 [egg-schedule]: register schedule F:\LIYOU\个人发展\华清远见\GitHub\steam-web\code\node_modules\_egg-multipart@2.13.1@egg-multipart\app\schedule\clean_tmpdir.js
2021-09-24 10:36:48,675 INFO 952 [egg-schedule]: register schedule F:\LIYOU\个人发展\华清远见\GitHub\steam-web\code\node_modules\_egg-logrotator@3.1.0@egg-logrotator\app\schedule\clean_log.js
2021-09-24 10:36:48,675 INFO 952 [egg-schedule]: register schedule F:\LIYOU\个人发展\华清远见\GitHub\steam-web\code\node_modules\_egg-logrotator@3.1.0@egg-logrotator\app\schedule\rotate_by_file.js
2021-09-24 10:36:51,137 INFO 13892 [egg-schedule]: register schedule F:\LIYOU\个人发展\华清远见\GitHub\steam-web\code\node_modules\_egg-multipart@2.13.1@egg-multipart\app\schedule\clean_tmpdir.js
2021-09-24 10:36:51,137 INFO 13892 [egg-schedule]: register schedule F:\LIYOU\个人发展\华清远见\GitHub\steam-web\code\node_modules\_egg-logrotator@3.1.0@egg-logrotator\app\schedule\clean_log.js
2021-09-24 10:36:51,137 INFO 13892 [egg-schedule]: register schedule F:\LIYOU\个人发展\华清远见\GitHub\steam-web\code\node_modules\_egg-logrotator@3.1.0@egg-logrotator\app\schedule\rotate_by_file.js
2021-09-24 10:37:47,561 INFO 12840 [egg-schedule]: register schedule F:\LIYOU\个人发展\华清远见\GitHub\steam-web\code\node_modules\_egg-multipart@2.13.1@egg-multipart\app\schedule\clean_tmpdir.js
2021-09-24 10:37:47,561 INFO 12840 [egg-schedule]: register schedule F:\LIYOU\个人发展\华清远见\GitHub\steam-web\code\node_modules\_egg-logrotator@3.1.0@egg-logrotator\app\schedule\clean_log.js
2021-09-24 10:37:47,561 INFO 12840 [egg-schedule]: register schedule F:\LIYOU\个人发展\华清远见\GitHub\steam-web\code\node_modules\_egg-logrotator@3.1.0@egg-logrotator\app\schedule\rotate_by_file.js
2021-09-24 10:38:22,610 INFO 14752 [egg-schedule]: register schedule F:\LIYOU\个人发展\华清远见\GitHub\steam-web\code\node_modules\_egg-multipart@2.13.1@egg-multipart\app\schedule\clean_tmpdir.js
2021-09-24 10:38:22,610 INFO 14752 [egg-schedule]: register schedule F:\LIYOU\个人发展\华清远见\GitHub\steam-web\code\node_modules\_egg-logrotator@3.1.0@egg-logrotator\app\schedule\clean_log.js
2021-09-24 10:38:22,610 INFO 14752 [egg-schedule]: register schedule F:\LIYOU\个人发展\华清远见\GitHub\steam-web\code\node_modules\_egg-logrotator@3.1.0@egg-logrotator\app\schedule\rotate_by_file.js
2021-09-24 10:38:29,496 INFO 15788 [egg-schedule]: register schedule F:\LIYOU\个人发展\华清远见\GitHub\steam-web\code\node_modules\_egg-multipart@2.13.1@egg-multipart\app\schedule\clean_tmpdir.js
2021-09-24 10:38:29,496 INFO 15788 [egg-schedule]: register schedule F:\LIYOU\个人发展\华清远见\GitHub\steam-web\code\node_modules\_egg-logrotator@3.1.0@egg-logrotator\app\schedule\clean_log.js
2021-09-24 10:38:29,496 INFO 15788 [egg-schedule]: register schedule F:\LIYOU\个人发展\华清远见\GitHub\steam-web\code\node_modules\_egg-logrotator@3.1.0@egg-logrotator\app\schedule\rotate_by_file.js
2021-09-24 10:38:36,962 INFO 12420 [egg-schedule]: register schedule F:\LIYOU\个人发展\华清远见\GitHub\steam-web\code\node_modules\_egg-multipart@2.13.1@egg-multipart\app\schedule\clean_tmpdir.js
2021-09-24 10:38:36,962 INFO 12420 [egg-schedule]: register schedule F:\LIYOU\个人发展\华清远见\GitHub\steam-web\code\node_modules\_egg-logrotator@3.1.0@egg-logrotator\app\schedule\clean_log.js
2021-09-24 10:38:36,962 INFO 12420 [egg-schedule]: register schedule F:\LIYOU\个人发展\华清远见\GitHub\steam-web\code\node_modules\_egg-logrotator@3.1.0@egg-logrotator\app\schedule\rotate_by_file.js
2021-09-24 10:39:12,727 INFO 16572 [egg-schedule]: register schedule F:\LIYOU\个人发展\华清远见\GitHub\steam-web\code\node_modules\_egg-multipart@2.13.1@egg-multipart\app\schedule\clean_tmpdir.js
2021-09-24 10:39:12,727 INFO 16572 [egg-schedule]: register schedule F:\LIYOU\个人发展\华清远见\GitHub\steam-web\code\node_modules\_egg-logrotator@3.1.0@egg-logrotator\app\schedule\clean_log.js
2021-09-24 10:39:12,727 INFO 16572 [egg-schedule]: register schedule F:\LIYOU\个人发展\华清远见\GitHub\steam-web\code\node_modules\_egg-logrotator@3.1.0@egg-logrotator\app\schedule\rotate_by_file.js
2021-09-24 10:39:38,126 INFO 9440 [egg-schedule]: register schedule F:\LIYOU\个人发展\华清远见\GitHub\steam-web\code\node_modules\_egg-multipart@2.13.1@egg-multipart\app\schedule\clean_tmpdir.js
2021-09-24 10:39:38,126 INFO 9440 [egg-schedule]: register schedule F:\LIYOU\个人发展\华清远见\GitHub\steam-web\code\node_modules\_egg-logrotator@3.1.0@egg-logrotator\app\schedule\clean_log.js
2021-09-24 10:39:38,126 INFO 9440 [egg-schedule]: register schedule F:\LIYOU\个人发展\华清远见\GitHub\steam-web\code\node_modules\_egg-logrotator@3.1.0@egg-logrotator\app\schedule\rotate_by_file.js
2021-09-24 10:39:56,734 INFO 18388 [egg-schedule]: register schedule F:\LIYOU\个人发展\华清远见\GitHub\steam-web\code\node_modules\_egg-multipart@2.13.1@egg-multipart\app\schedule\clean_tmpdir.js
2021-09-24 10:39:56,734 INFO 18388 [egg-schedule]: register schedule F:\LIYOU\个人发展\华清远见\GitHub\steam-web\code\node_modules\_egg-logrotator@3.1.0@egg-logrotator\app\schedule\clean_log.js
2021-09-24 10:39:56,734 INFO 18388 [egg-schedule]: register schedule F:\LIYOU\个人发展\华清远见\GitHub\steam-web\code\node_modules\_egg-logrotator@3.1.0@egg-logrotator\app\schedule\rotate_by_file.js
2021-09-24 10:39:59,095 INFO 13520 [egg-schedule]: register schedule F:\LIYOU\个人发展\华清远见\GitHub\steam-web\code\node_modules\_egg-multipart@2.13.1@egg-multipart\app\schedule\clean_tmpdir.js
2021-09-24 10:39:59,095 INFO 13520 [egg-schedule]: register schedule F:\LIYOU\个人发展\华清远见\GitHub\steam-web\code\node_modules\_egg-logrotator@3.1.0@egg-logrotator\app\schedule\clean_log.js
2021-09-24 10:39:59,095 INFO 13520 [egg-schedule]: register schedule F:\LIYOU\个人发展\华清远见\GitHub\steam-web\code\node_modules\_egg-logrotator@3.1.0@egg-logrotator\app\schedule\rotate_by_file.js
2021-09-24 10:40:22,209 INFO 4876 [egg-schedule]: register schedule F:\LIYOU\个人发展\华清远见\GitHub\steam-web\code\node_modules\_egg-multipart@2.13.1@egg-multipart\app\schedule\clean_tmpdir.js
2021-09-24 10:40:22,209 INFO 4876 [egg-schedule]: register schedule F:\LIYOU\个人发展\华清远见\GitHub\steam-web\code\node_modules\_egg-logrotator@3.1.0@egg-logrotator\app\schedule\clean_log.js
2021-09-24 10:40:22,209 INFO 4876 [egg-schedule]: register schedule F:\LIYOU\个人发展\华清远见\GitHub\steam-web\code\node_modules\_egg-logrotator@3.1.0@egg-logrotator\app\schedule\rotate_by_file.js
2021-09-24 10:40:51,633 INFO 10764 [egg-schedule]: register schedule F:\LIYOU\个人发展\华清远见\GitHub\steam-web\code\node_modules\_egg-multipart@2.13.1@egg-multipart\app\schedule\clean_tmpdir.js
2021-09-24 10:40:51,633 INFO 10764 [egg-schedule]: register schedule F:\LIYOU\个人发展\华清远见\GitHub\steam-web\code\node_modules\_egg-logrotator@3.1.0@egg-logrotator\app\schedule\clean_log.js
2021-09-24 10:40:51,633 INFO 10764 [egg-schedule]: register schedule F:\LIYOU\个人发展\华清远见\GitHub\steam-web\code\node_modules\_egg-logrotator@3.1.0@egg-logrotator\app\schedule\rotate_by_file.js
2021-09-24 10:41:09,489 INFO 17728 [egg-schedule]: register schedule F:\LIYOU\个人发展\华清远见\GitHub\steam-web\code\node_modules\_egg-multipart@2.13.1@egg-multipart\app\schedule\clean_tmpdir.js
2021-09-24 10:41:09,489 INFO 17728 [egg-schedule]: register schedule F:\LIYOU\个人发展\华清远见\GitHub\steam-web\code\node_modules\_egg-logrotator@3.1.0@egg-logrotator\app\schedule\clean_log.js
2021-09-24 10:41:09,489 INFO 17728 [egg-schedule]: register schedule F:\LIYOU\个人发展\华清远见\GitHub\steam-web\code\node_modules\_egg-logrotator@3.1.0@egg-logrotator\app\schedule\rotate_by_file.js
2021-09-24 10:41:50,996 INFO 13380 [egg-schedule]: register schedule F:\LIYOU\个人发展\华清远见\GitHub\steam-web\code\node_modules\_egg-multipart@2.13.1@egg-multipart\app\schedule\clean_tmpdir.js
2021-09-24 10:41:50,996 INFO 13380 [egg-schedule]: register schedule F:\LIYOU\个人发展\华清远见\GitHub\steam-web\code\node_modules\_egg-logrotator@3.1.0@egg-logrotator\app\schedule\clean_log.js
2021-09-24 10:41:50,996 INFO 13380 [egg-schedule]: register schedule F:\LIYOU\个人发展\华清远见\GitHub\steam-web\code\node_modules\_egg-logrotator@3.1.0@egg-logrotator\app\schedule\rotate_by_file.js
2021-09-24 10:42:03,995 INFO 5160 [egg-schedule]: register schedule F:\LIYOU\个人发展\华清远见\GitHub\steam-web\code\node_modules\_egg-multipart@2.13.1@egg-multipart\app\schedule\clean_tmpdir.js
2021-09-24 10:42:03,995 INFO 5160 [egg-schedule]: register schedule F:\LIYOU\个人发展\华清远见\GitHub\steam-web\code\node_modules\_egg-logrotator@3.1.0@egg-logrotator\app\schedule\clean_log.js
2021-09-24 10:42:03,995 INFO 5160 [egg-schedule]: register schedule F:\LIYOU\个人发展\华清远见\GitHub\steam-web\code\node_modules\_egg-logrotator@3.1.0@egg-logrotator\app\schedule\rotate_by_file.js
2021-09-24 10:42:19,909 INFO 2596 [egg-schedule]: register schedule F:\LIYOU\个人发展\华清远见\GitHub\steam-web\code\node_modules\_egg-multipart@2.13.1@egg-multipart\app\schedule\clean_tmpdir.js
2021-09-24 10:42:19,909 INFO 2596 [egg-schedule]: register schedule F:\LIYOU\个人发展\华清远见\GitHub\steam-web\code\node_modules\_egg-logrotator@3.1.0@egg-logrotator\app\schedule\clean_log.js
2021-09-24 10:42:19,909 INFO 2596 [egg-schedule]: register schedule F:\LIYOU\个人发展\华清远见\GitHub\steam-web\code\node_modules\_egg-logrotator@3.1.0@egg-logrotator\app\schedule\rotate_by_file.js
2021-09-24 10:42:41,037 INFO 5992 [egg-schedule]: register schedule F:\LIYOU\个人发展\华清远见\GitHub\steam-web\code\node_modules\_egg-multipart@2.13.1@egg-multipart\app\schedule\clean_tmpdir.js
2021-09-24 10:42:41,037 INFO 5992 [egg-schedule]: register schedule F:\LIYOU\个人发展\华清远见\GitHub\steam-web\code\node_modules\_egg-logrotator@3.1.0@egg-logrotator\app\schedule\clean_log.js
2021-09-24 10:42:41,037 INFO 5992 [egg-schedule]: register schedule F:\LIYOU\个人发展\华清远见\GitHub\steam-web\code\node_modules\_egg-logrotator@3.1.0@egg-logrotator\app\schedule\rotate_by_file.js
2021-09-24 10:42:55,238 INFO 8224 [egg-schedule]: register schedule F:\LIYOU\个人发展\华清远见\GitHub\steam-web\code\node_modules\_egg-multipart@2.13.1@egg-multipart\app\schedule\clean_tmpdir.js
2021-09-24 10:42:55,238 INFO 8224 [egg-schedule]: register schedule F:\LIYOU\个人发展\华清远见\GitHub\steam-web\code\node_modules\_egg-logrotator@3.1.0@egg-logrotator\app\schedule\clean_log.js
2021-09-24 10:42:55,238 INFO 8224 [egg-schedule]: register schedule F:\LIYOU\个人发展\华清远见\GitHub\steam-web\code\node_modules\_egg-logrotator@3.1.0@egg-logrotator\app\schedule\rotate_by_file.js
2021-09-24 10:43:04,812 INFO 13884 [egg-schedule]: register schedule F:\LIYOU\个人发展\华清远见\GitHub\steam-web\code\node_modules\_egg-multipart@2.13.1@egg-multipart\app\schedule\clean_tmpdir.js
2021-09-24 10:43:04,812 INFO 13884 [egg-schedule]: register schedule F:\LIYOU\个人发展\华清远见\GitHub\steam-web\code\node_modules\_egg-logrotator@3.1.0@egg-logrotator\app\schedule\clean_log.js
2021-09-24 10:43:04,812 INFO 13884 [egg-schedule]: register schedule F:\LIYOU\个人发展\华清远见\GitHub\steam-web\code\node_modules\_egg-logrotator@3.1.0@egg-logrotator\app\schedule\rotate_by_file.js
2021-09-24 10:43:38,483 INFO 6692 [egg-schedule]: register schedule F:\LIYOU\个人发展\华清远见\GitHub\steam-web\code\node_modules\_egg-multipart@2.13.1@egg-multipart\app\schedule\clean_tmpdir.js
2021-09-24 10:43:38,483 INFO 6692 [egg-schedule]: register schedule F:\LIYOU\个人发展\华清远见\GitHub\steam-web\code\node_modules\_egg-logrotator@3.1.0@egg-logrotator\app\schedule\clean_log.js
2021-09-24 10:43:38,483 INFO 6692 [egg-schedule]: register schedule F:\LIYOU\个人发展\华清远见\GitHub\steam-web\code\node_modules\_egg-logrotator@3.1.0@egg-logrotator\app\schedule\rotate_by_file.js
2021-09-24 10:43:51,809 INFO 14984 [egg-schedule]: register schedule F:\LIYOU\个人发展\华清远见\GitHub\steam-web\code\node_modules\_egg-multipart@2.13.1@egg-multipart\app\schedule\clean_tmpdir.js
2021-09-24 10:43:51,809 INFO 14984 [egg-schedule]: register schedule F:\LIYOU\个人发展\华清远见\GitHub\steam-web\code\node_modules\_egg-logrotator@3.1.0@egg-logrotator\app\schedule\clean_log.js
2021-09-24 10:43:51,809 INFO 14984 [egg-schedule]: register schedule F:\LIYOU\个人发展\华清远见\GitHub\steam-web\code\node_modules\_egg-logrotator@3.1.0@egg-logrotator\app\schedule\rotate_by_file.js
2021-09-24 10:47:25,243 INFO 9560 [egg-schedule]: register schedule F:\LIYOU\个人发展\华清远见\GitHub\steam-web\code\node_modules\_egg-multipart@2.13.1@egg-multipart\app\schedule\clean_tmpdir.js
2021-09-24 10:47:25,244 INFO 9560 [egg-schedule]: register schedule F:\LIYOU\个人发展\华清远见\GitHub\steam-web\code\node_modules\_egg-logrotator@3.1.0@egg-logrotator\app\schedule\clean_log.js
2021-09-24 10:47:25,244 INFO 9560 [egg-schedule]: register schedule F:\LIYOU\个人发展\华清远见\GitHub\steam-web\code\node_modules\_egg-logrotator@3.1.0@egg-logrotator\app\schedule\rotate_by_file.js
2021-09-24 10:47:39,732 INFO 17668 [egg-schedule]: register schedule F:\LIYOU\个人发展\华清远见\GitHub\steam-web\code\node_modules\_egg-multipart@2.13.1@egg-multipart\app\schedule\clean_tmpdir.js
2021-09-24 10:47:39,732 INFO 17668 [egg-schedule]: register schedule F:\LIYOU\个人发展\华清远见\GitHub\steam-web\code\node_modules\_egg-logrotator@3.1.0@egg-logrotator\app\schedule\clean_log.js
2021-09-24 10:47:39,732 INFO 17668 [egg-schedule]: register schedule F:\LIYOU\个人发展\华清远见\GitHub\steam-web\code\node_modules\_egg-logrotator@3.1.0@egg-logrotator\app\schedule\rotate_by_file.js
2021-09-24 10:48:36,539 INFO 10180 [egg-schedule]: register schedule F:\LIYOU\个人发展\华清远见\GitHub\steam-web\code\node_modules\_egg-multipart@2.13.1@egg-multipart\app\schedule\clean_tmpdir.js
2021-09-24 10:48:36,539 INFO 10180 [egg-schedule]: register schedule F:\LIYOU\个人发展\华清远见\GitHub\steam-web\code\node_modules\_egg-logrotator@3.1.0@egg-logrotator\app\schedule\clean_log.js
2021-09-24 10:48:36,539 INFO 10180 [egg-schedule]: register schedule F:\LIYOU\个人发展\华清远见\GitHub\steam-web\code\node_modules\_egg-logrotator@3.1.0@egg-logrotator\app\schedule\rotate_by_file.js
2021-09-24 10:49:40,958 INFO 16528 [egg-schedule]: register schedule F:\LIYOU\个人发展\华清远见\GitHub\steam-web\code\node_modules\_egg-multipart@2.13.1@egg-multipart\app\schedule\clean_tmpdir.js
2021-09-24 10:49:40,958 INFO 16528 [egg-schedule]: register schedule F:\LIYOU\个人发展\华清远见\GitHub\steam-web\code\node_modules\_egg-logrotator@3.1.0@egg-logrotator\app\schedule\clean_log.js
2021-09-24 10:49:40,958 INFO 16528 [egg-schedule]: register schedule F:\LIYOU\个人发展\华清远见\GitHub\steam-web\code\node_modules\_egg-logrotator@3.1.0@egg-logrotator\app\schedule\rotate_by_file.js
2021-09-24 10:49:48,520 INFO 18708 [egg-schedule]: register schedule F:\LIYOU\个人发展\华清远见\GitHub\steam-web\code\node_modules\_egg-multipart@2.13.1@egg-multipart\app\schedule\clean_tmpdir.js
2021-09-24 10:49:48,520 INFO 18708 [egg-schedule]: register schedule F:\LIYOU\个人发展\华清远见\GitHub\steam-web\code\node_modules\_egg-logrotator@3.1.0@egg-logrotator\app\schedule\clean_log.js
2021-09-24 10:49:48,520 INFO 18708 [egg-schedule]: register schedule F:\LIYOU\个人发展\华清远见\GitHub\steam-web\code\node_modules\_egg-logrotator@3.1.0@egg-logrotator\app\schedule\rotate_by_file.js
2021-09-24 10:50:05,845 INFO 9284 [egg-schedule]: register schedule F:\LIYOU\个人发展\华清远见\GitHub\steam-web\code\node_modules\_egg-multipart@2.13.1@egg-multipart\app\schedule\clean_tmpdir.js
2021-09-24 10:50:05,845 INFO 9284 [egg-schedule]: register schedule F:\LIYOU\个人发展\华清远见\GitHub\steam-web\code\node_modules\_egg-logrotator@3.1.0@egg-logrotator\app\schedule\clean_log.js
2021-09-24 10:50:05,845 INFO 9284 [egg-schedule]: register schedule F:\LIYOU\个人发展\华清远见\GitHub\steam-web\code\node_modules\_egg-logrotator@3.1.0@egg-logrotator\app\schedule\rotate_by_file.js
2021-09-24 11:31:47,510 INFO 4956 [egg-schedule]: register schedule F:\LIYOU\个人发展\华清远见\GitHub\steam-web\code\node_modules\_egg-multipart@2.13.1@egg-multipart\app\schedule\clean_tmpdir.js
2021-09-24 11:31:47,510 INFO 4956 [egg-schedule]: register schedule F:\LIYOU\个人发展\华清远见\GitHub\steam-web\code\node_modules\_egg-logrotator@3.1.0@egg-logrotator\app\schedule\clean_log.js
2021-09-24 11:31:47,510 INFO 4956 [egg-schedule]: register schedule F:\LIYOU\个人发展\华清远见\GitHub\steam-web\code\node_modules\_egg-logrotator@3.1.0@egg-logrotator\app\schedule\rotate_by_file.js
2021-09-24 11:31:56,643 INFO 14884 [egg-schedule]: register schedule F:\LIYOU\个人发展\华清远见\GitHub\steam-web\code\node_modules\_egg-multipart@2.13.1@egg-multipart\app\schedule\clean_tmpdir.js
2021-09-24 11:31:56,643 INFO 14884 [egg-schedule]: register schedule F:\LIYOU\个人发展\华清远见\GitHub\steam-web\code\node_modules\_egg-logrotator@3.1.0@egg-logrotator\app\schedule\clean_log.js
2021-09-24 11:31:56,643 INFO 14884 [egg-schedule]: register schedule F:\LIYOU\个人发展\华清远见\GitHub\steam-web\code\node_modules\_egg-logrotator@3.1.0@egg-logrotator\app\schedule\rotate_by_file.js
2021-09-24 15:39:41,765 INFO 13780 [egg-schedule]: register schedule F:\LIYOU\个人发展\华清远见\GitHub\steam-web\code\node_modules\_egg-multipart@2.13.1@egg-multipart\app\schedule\clean_tmpdir.js
2021-09-24 15:39:41,765 INFO 13780 [egg-schedule]: register schedule F:\LIYOU\个人发展\华清远见\GitHub\steam-web\code\node_modules\_egg-logrotator@3.1.0@egg-logrotator\app\schedule\clean_log.js
2021-09-24 15:39:41,765 INFO 13780 [egg-schedule]: register schedule F:\LIYOU\个人发展\华清远见\GitHub\steam-web\code\node_modules\_egg-logrotator@3.1.0@egg-logrotator\app\schedule\rotate_by_file.js
2021-09-24 15:40:17,940 INFO 14344 [egg-schedule]: register schedule F:\LIYOU\个人发展\华清远见\GitHub\steam-web\code\node_modules\_egg-multipart@2.13.1@egg-multipart\app\schedule\clean_tmpdir.js
2021-09-24 15:40:17,940 INFO 14344 [egg-schedule]: register schedule F:\LIYOU\个人发展\华清远见\GitHub\steam-web\code\node_modules\_egg-logrotator@3.1.0@egg-logrotator\app\schedule\clean_log.js
2021-09-24 15:40:17,940 INFO 14344 [egg-schedule]: register schedule F:\LIYOU\个人发展\华清远见\GitHub\steam-web\code\node_modules\_egg-logrotator@3.1.0@egg-logrotator\app\schedule\rotate_by_file.js
2021-09-24 15:45:04,240 INFO 9656 [egg-schedule]: register schedule F:\LIYOU\个人发展\华清远见\GitHub\steam-web\code\node_modules\_egg-multipart@2.13.1@egg-multipart\app\schedule\clean_tmpdir.js
2021-09-24 15:45:04,240 INFO 9656 [egg-schedule]: register schedule F:\LIYOU\个人发展\华清远见\GitHub\steam-web\code\node_modules\_egg-logrotator@3.1.0@egg-logrotator\app\schedule\clean_log.js
2021-09-24 15:45:04,240 INFO 9656 [egg-schedule]: register schedule F:\LIYOU\个人发展\华清远见\GitHub\steam-web\code\node_modules\_egg-logrotator@3.1.0@egg-logrotator\app\schedule\rotate_by_file.js
2021-09-24 15:51:43,655 INFO 6432 [egg-schedule]: register schedule F:\LIYOU\个人发展\华清远见\GitHub\steam-web\code\node_modules\_egg-multipart@2.13.1@egg-multipart\app\schedule\clean_tmpdir.js
2021-09-24 15:51:43,655 INFO 6432 [egg-schedule]: register schedule F:\LIYOU\个人发展\华清远见\GitHub\steam-web\code\node_modules\_egg-logrotator@3.1.0@egg-logrotator\app\schedule\clean_log.js
2021-09-24 15:51:43,655 INFO 6432 [egg-schedule]: register schedule F:\LIYOU\个人发展\华清远见\GitHub\steam-web\code\node_modules\_egg-logrotator@3.1.0@egg-logrotator\app\schedule\rotate_by_file.js
2021-09-24 16:02:13,742 INFO 10948 [egg-schedule]: register schedule F:\LIYOU\个人发展\华清远见\GitHub\steam-web\code\node_modules\_egg-multipart@2.13.1@egg-multipart\app\schedule\clean_tmpdir.js
2021-09-24 16:02:13,742 INFO 10948 [egg-schedule]: register schedule F:\LIYOU\个人发展\华清远见\GitHub\steam-web\code\node_modules\_egg-logrotator@3.1.0@egg-logrotator\app\schedule\clean_log.js
2021-09-24 16:02:13,742 INFO 10948 [egg-schedule]: register schedule F:\LIYOU\个人发展\华清远见\GitHub\steam-web\code\node_modules\_egg-logrotator@3.1.0@egg-logrotator\app\schedule\rotate_by_file.js
2021-09-26 14:00:05,960 INFO 15192 [egg-schedule]: register schedule F:\LIYOU\个人发展\华清远见\GitHub\steam-web\code\node_modules\_egg-multipart@2.13.1@egg-multipart\app\schedule\clean_tmpdir.js
2021-09-26 14:00:05,960 INFO 15192 [egg-schedule]: register schedule F:\LIYOU\个人发展\华清远见\GitHub\steam-web\code\node_modules\_egg-logrotator@3.1.0@egg-logrotator\app\schedule\clean_log.js
2021-09-26 14:00:05,960 INFO 15192 [egg-schedule]: register schedule F:\LIYOU\个人发展\华清远见\GitHub\steam-web\code\node_modules\_egg-logrotator@3.1.0@egg-logrotator\app\schedule\rotate_by_file.js
2021-09-26 14:00:07,680 INFO 18372 [Timer] F:\LIYOU\个人发展\华清远见\GitHub\steam-web\code\node_modules\_egg-multipart@2.13.1@egg-multipart\app\schedule\clean_tmpdir.js next time will execute after 52192324ms at 2021-09-27 04:30:00.004
2021-09-26 14:00:07,681 INFO 18372 [Timer] F:\LIYOU\个人发展\华清远见\GitHub\steam-web\code\node_modules\_egg-logrotator@3.1.0@egg-logrotator\app\schedule\clean_log.js next time will execute after 35992319ms at 2021-09-27 00:00:00.000
2021-09-26 14:00:07,682 INFO 18372 [Timer] F:\LIYOU\个人发展\华清远见\GitHub\steam-web\code\node_modules\_egg-logrotator@3.1.0@egg-logrotator\app\schedule\rotate_by_file.js next time will execute after 35993319ms at 2021-09-27 00:00:01.001
2021-09-28 09:15:55,347 INFO 11592 [egg-schedule]: register schedule F:\LIYOU\个人发展\华清远见\GitHub\steam-web\code\node_modules\_egg-multipart@2.13.1@egg-multipart\app\schedule\clean_tmpdir.js
2021-09-28 09:15:55,347 INFO 11592 [egg-schedule]: register schedule F:\LIYOU\个人发展\华清远见\GitHub\steam-web\code\node_modules\_egg-logrotator@3.1.0@egg-logrotator\app\schedule\clean_log.js
2021-09-28 09:15:55,347 INFO 11592 [egg-schedule]: register schedule F:\LIYOU\个人发展\华清远见\GitHub\steam-web\code\node_modules\_egg-logrotator@3.1.0@egg-logrotator\app\schedule\rotate_by_file.js
2021-09-28 09:15:57,064 INFO 11972 [Timer] F:\LIYOU\个人发展\华清远见\GitHub\steam-web\code\node_modules\_egg-multipart@2.13.1@egg-multipart\app\schedule\clean_tmpdir.js next time will execute after 69242941ms at 2021-09-29 04:30:00.005
2021-09-28 09:15:57,065 INFO 11972 [Timer] F:\LIYOU\个人发展\华清远见\GitHub\steam-web\code\node_modules\_egg-logrotator@3.1.0@egg-logrotator\app\schedule\clean_log.js next time will execute after 53042936ms at 2021-09-29 00:00:00.001
2021-09-28 09:15:57,066 INFO 11972 [Timer] F:\LIYOU\个人发展\华清远见\GitHub\steam-web\code\node_modules\_egg-logrotator@3.1.0@egg-logrotator\app\schedule\rotate_by_file.js next time will execute after 53043935ms at 2021-09-29 00:00:01.001
2021-09-28 09:16:29,345 INFO 3504 [egg-schedule]: register schedule F:\LIYOU\个人发展\华清远见\GitHub\steam-web\code\node_modules\_egg-multipart@2.13.1@egg-multipart\app\schedule\clean_tmpdir.js
2021-09-28 09:16:29,345 INFO 3504 [egg-schedule]: register schedule F:\LIYOU\个人发展\华清远见\GitHub\steam-web\code\node_modules\_egg-logrotator@3.1.0@egg-logrotator\app\schedule\clean_log.js
2021-09-28 09:16:29,345 INFO 3504 [egg-schedule]: register schedule F:\LIYOU\个人发展\华清远见\GitHub\steam-web\code\node_modules\_egg-logrotator@3.1.0@egg-logrotator\app\schedule\rotate_by_file.js
2021-09-28 09:17:34,294 INFO 19120 [egg-schedule]: register schedule F:\LIYOU\个人发展\华清远见\GitHub\steam-web\code\node_modules\_egg-multipart@2.13.1@egg-multipart\app\schedule\clean_tmpdir.js
2021-09-28 09:17:34,294 INFO 19120 [egg-schedule]: register schedule F:\LIYOU\个人发展\华清远见\GitHub\steam-web\code\node_modules\_egg-logrotator@3.1.0@egg-logrotator\app\schedule\clean_log.js
2021-09-28 09:17:34,294 INFO 19120 [egg-schedule]: register schedule F:\LIYOU\个人发展\华清远见\GitHub\steam-web\code\node_modules\_egg-logrotator@3.1.0@egg-logrotator\app\schedule\rotate_by_file.js
2021-09-28 09:18:15,651 INFO 4456 [egg-schedule]: register schedule F:\LIYOU\个人发展\华清远见\GitHub\steam-web\code\node_modules\_egg-multipart@2.13.1@egg-multipart\app\schedule\clean_tmpdir.js
2021-09-28 09:18:15,651 INFO 4456 [egg-schedule]: register schedule F:\LIYOU\个人发展\华清远见\GitHub\steam-web\code\node_modules\_egg-logrotator@3.1.0@egg-logrotator\app\schedule\clean_log.js
2021-09-28 09:18:15,651 INFO 4456 [egg-schedule]: register schedule F:\LIYOU\个人发展\华清远见\GitHub\steam-web\code\node_modules\_egg-logrotator@3.1.0@egg-logrotator\app\schedule\rotate_by_file.js
2021-09-28 09:21:10,327 INFO 9128 [egg-schedule]: register schedule F:\LIYOU\个人发展\华清远见\GitHub\steam-web\code\node_modules\_egg-multipart@2.13.1@egg-multipart\app\schedule\clean_tmpdir.js
2021-09-28 09:21:10,327 INFO 9128 [egg-schedule]: register schedule F:\LIYOU\个人发展\华清远见\GitHub\steam-web\code\node_modules\_egg-logrotator@3.1.0@egg-logrotator\app\schedule\clean_log.js
2021-09-28 09:21:10,327 INFO 9128 [egg-schedule]: register schedule F:\LIYOU\个人发展\华清远见\GitHub\steam-web\code\node_modules\_egg-logrotator@3.1.0@egg-logrotator\app\schedule\rotate_by_file.js
2021-09-28 09:26:58,952 INFO 5948 [egg-schedule]: register schedule F:\LIYOU\个人发展\华清远见\GitHub\steam-web\code\node_modules\_egg-multipart@2.13.1@egg-multipart\app\schedule\clean_tmpdir.js
2021-09-28 09:26:58,952 INFO 5948 [egg-schedule]: register schedule F:\LIYOU\个人发展\华清远见\GitHub\steam-web\code\node_modules\_egg-logrotator@3.1.0@egg-logrotator\app\schedule\clean_log.js
2021-09-28 09:26:58,952 INFO 5948 [egg-schedule]: register schedule F:\LIYOU\个人发展\华清远见\GitHub\steam-web\code\node_modules\_egg-logrotator@3.1.0@egg-logrotator\app\schedule\rotate_by_file.js
2021-09-28 09:29:33,691 INFO 5136 [egg-schedule]: register schedule F:\LIYOU\个人发展\华清远见\GitHub\steam-web\code\node_modules\_egg-multipart@2.13.1@egg-multipart\app\schedule\clean_tmpdir.js
2021-09-28 09:29:33,691 INFO 5136 [egg-schedule]: register schedule F:\LIYOU\个人发展\华清远见\GitHub\steam-web\code\node_modules\_egg-logrotator@3.1.0@egg-logrotator\app\schedule\clean_log.js
2021-09-28 09:29:33,691 INFO 5136 [egg-schedule]: register schedule F:\LIYOU\个人发展\华清远见\GitHub\steam-web\code\node_modules\_egg-logrotator@3.1.0@egg-logrotator\app\schedule\rotate_by_file.js
2021-09-28 09:29:34,059 INFO 12716 [Timer] F:\LIYOU\个人发展\华清远见\GitHub\steam-web\code\node_modules\_egg-multipart@2.13.1@egg-multipart\app\schedule\clean_tmpdir.js next time will execute after 68425946ms at 2021-09-29 04:30:00.005
2021-09-28 09:29:34,060 INFO 12716 [Timer] F:\LIYOU\个人发展\华清远见\GitHub\steam-web\code\node_modules\_egg-logrotator@3.1.0@egg-logrotator\app\schedule\clean_log.js next time will execute after 52225941ms at 2021-09-29 00:00:00.001
2021-09-28 09:29:34,061 INFO 12716 [Timer] F:\LIYOU\个人发展\华清远见\GitHub\steam-web\code\node_modules\_egg-logrotator@3.1.0@egg-logrotator\app\schedule\rotate_by_file.js next time will execute after 52226940ms at 2021-09-29 00:00:01.001
2021-09-28 09:34:59,901 INFO 5976 [egg-schedule]: register schedule F:\LIYOU\个人发展\华清远见\GitHub\steam-web\code\node_modules\_egg-multipart@2.13.1@egg-multipart\app\schedule\clean_tmpdir.js
2021-09-28 09:34:59,901 INFO 5976 [egg-schedule]: register schedule F:\LIYOU\个人发展\华清远见\GitHub\steam-web\code\node_modules\_egg-logrotator@3.1.0@egg-logrotator\app\schedule\clean_log.js
2021-09-28 09:34:59,901 INFO 5976 [egg-schedule]: register schedule F:\LIYOU\个人发展\华清远见\GitHub\steam-web\code\node_modules\_egg-logrotator@3.1.0@egg-logrotator\app\schedule\rotate_by_file.js
2021-09-28 09:35:39,089 INFO 16696 [egg-schedule]: register schedule F:\LIYOU\个人发展\华清远见\GitHub\steam-web\code\node_modules\_egg-multipart@2.13.1@egg-multipart\app\schedule\clean_tmpdir.js
2021-09-28 09:35:39,089 INFO 16696 [egg-schedule]: register schedule F:\LIYOU\个人发展\华清远见\GitHub\steam-web\code\node_modules\_egg-logrotator@3.1.0@egg-logrotator\app\schedule\clean_log.js
2021-09-28 09:35:39,089 INFO 16696 [egg-schedule]: register schedule F:\LIYOU\个人发展\华清远见\GitHub\steam-web\code\node_modules\_egg-logrotator@3.1.0@egg-logrotator\app\schedule\rotate_by_file.js
2021-09-28 09:36:18,469 INFO 15608 [egg-schedule]: register schedule F:\LIYOU\个人发展\华清远见\GitHub\steam-web\code\node_modules\_egg-multipart@2.13.1@egg-multipart\app\schedule\clean_tmpdir.js
2021-09-28 09:36:18,469 INFO 15608 [egg-schedule]: register schedule F:\LIYOU\个人发展\华清远见\GitHub\steam-web\code\node_modules\_egg-logrotator@3.1.0@egg-logrotator\app\schedule\clean_log.js
2021-09-28 09:36:18,469 INFO 15608 [egg-schedule]: register schedule F:\LIYOU\个人发展\华清远见\GitHub\steam-web\code\node_modules\_egg-logrotator@3.1.0@egg-logrotator\app\schedule\rotate_by_file.js
2021-09-28 09:36:57,613 INFO 16060 [egg-schedule]: register schedule F:\LIYOU\个人发展\华清远见\GitHub\steam-web\code\node_modules\_egg-multipart@2.13.1@egg-multipart\app\schedule\clean_tmpdir.js
2021-09-28 09:36:57,613 INFO 16060 [egg-schedule]: register schedule F:\LIYOU\个人发展\华清远见\GitHub\steam-web\code\node_modules\_egg-logrotator@3.1.0@egg-logrotator\app\schedule\clean_log.js
2021-09-28 09:36:57,613 INFO 16060 [egg-schedule]: register schedule F:\LIYOU\个人发展\华清远见\GitHub\steam-web\code\node_modules\_egg-logrotator@3.1.0@egg-logrotator\app\schedule\rotate_by_file.js
2021-09-28 09:37:04,393 INFO 6512 [egg-schedule]: register schedule F:\LIYOU\个人发展\华清远见\GitHub\steam-web\code\node_modules\_egg-multipart@2.13.1@egg-multipart\app\schedule\clean_tmpdir.js
2021-09-28 09:37:04,393 INFO 6512 [egg-schedule]: register schedule F:\LIYOU\个人发展\华清远见\GitHub\steam-web\code\node_modules\_egg-logrotator@3.1.0@egg-logrotator\app\schedule\clean_log.js
2021-09-28 09:37:04,393 INFO 6512 [egg-schedule]: register schedule F:\LIYOU\个人发展\华清远见\GitHub\steam-web\code\node_modules\_egg-logrotator@3.1.0@egg-logrotator\app\schedule\rotate_by_file.js
2021-09-28 09:37:48,083 INFO 1068 [egg-schedule]: register schedule F:\LIYOU\个人发展\华清远见\GitHub\steam-web\code\node_modules\_egg-multipart@2.13.1@egg-multipart\app\schedule\clean_tmpdir.js
2021-09-28 09:37:48,083 INFO 1068 [egg-schedule]: register schedule F:\LIYOU\个人发展\华清远见\GitHub\steam-web\code\node_modules\_egg-logrotator@3.1.0@egg-logrotator\app\schedule\clean_log.js
2021-09-28 09:37:48,083 INFO 1068 [egg-schedule]: register schedule F:\LIYOU\个人发展\华清远见\GitHub\steam-web\code\node_modules\_egg-logrotator@3.1.0@egg-logrotator\app\schedule\rotate_by_file.js
2021-09-28 09:38:38,929 INFO 5576 [egg-schedule]: register schedule F:\LIYOU\个人发展\华清远见\GitHub\steam-web\code\node_modules\_egg-multipart@2.13.1@egg-multipart\app\schedule\clean_tmpdir.js
2021-09-28 09:38:38,929 INFO 5576 [egg-schedule]: register schedule F:\LIYOU\个人发展\华清远见\GitHub\steam-web\code\node_modules\_egg-logrotator@3.1.0@egg-logrotator\app\schedule\clean_log.js
2021-09-28 09:38:38,929 INFO 5576 [egg-schedule]: register schedule F:\LIYOU\个人发展\华清远见\GitHub\steam-web\code\node_modules\_egg-logrotator@3.1.0@egg-logrotator\app\schedule\rotate_by_file.js
2021-09-28 09:39:37,100 INFO 16832 [egg-schedule]: register schedule F:\LIYOU\个人发展\华清远见\GitHub\steam-web\code\node_modules\_egg-multipart@2.13.1@egg-multipart\app\schedule\clean_tmpdir.js
2021-09-28 09:39:37,100 INFO 16832 [egg-schedule]: register schedule F:\LIYOU\个人发展\华清远见\GitHub\steam-web\code\node_modules\_egg-logrotator@3.1.0@egg-logrotator\app\schedule\clean_log.js
2021-09-28 09:39:37,100 INFO 16832 [egg-schedule]: register schedule F:\LIYOU\个人发展\华清远见\GitHub\steam-web\code\node_modules\_egg-logrotator@3.1.0@egg-logrotator\app\schedule\rotate_by_file.js
2021-09-28 09:39:43,156 INFO 19272 [egg-schedule]: register schedule F:\LIYOU\个人发展\华清远见\GitHub\steam-web\code\node_modules\_egg-multipart@2.13.1@egg-multipart\app\schedule\clean_tmpdir.js
2021-09-28 09:39:43,156 INFO 19272 [egg-schedule]: register schedule F:\LIYOU\个人发展\华清远见\GitHub\steam-web\code\node_modules\_egg-logrotator@3.1.0@egg-logrotator\app\schedule\clean_log.js
2021-09-28 09:39:43,156 INFO 19272 [egg-schedule]: register schedule F:\LIYOU\个人发展\华清远见\GitHub\steam-web\code\node_modules\_egg-logrotator@3.1.0@egg-logrotator\app\schedule\rotate_by_file.js
2021-09-28 09:40:05,419 INFO 6328 [egg-schedule]: register schedule F:\LIYOU\个人发展\华清远见\GitHub\steam-web\code\node_modules\_egg-multipart@2.13.1@egg-multipart\app\schedule\clean_tmpdir.js
2021-09-28 09:40:05,419 INFO 6328 [egg-schedule]: register schedule F:\LIYOU\个人发展\华清远见\GitHub\steam-web\code\node_modules\_egg-logrotator@3.1.0@egg-logrotator\app\schedule\clean_log.js
2021-09-28 09:40:05,419 INFO 6328 [egg-schedule]: register schedule F:\LIYOU\个人发展\华清远见\GitHub\steam-web\code\node_modules\_egg-logrotator@3.1.0@egg-logrotator\app\schedule\rotate_by_file.js
2021-09-28 09:40:34,326 INFO 6648 [egg-schedule]: register schedule F:\LIYOU\个人发展\华清远见\GitHub\steam-web\code\node_modules\_egg-multipart@2.13.1@egg-multipart\app\schedule\clean_tmpdir.js
2021-09-28 09:40:34,326 INFO 6648 [egg-schedule]: register schedule F:\LIYOU\个人发展\华清远见\GitHub\steam-web\code\node_modules\_egg-logrotator@3.1.0@egg-logrotator\app\schedule\clean_log.js
2021-09-28 09:40:34,326 INFO 6648 [egg-schedule]: register schedule F:\LIYOU\个人发展\华清远见\GitHub\steam-web\code\node_modules\_egg-logrotator@3.1.0@egg-logrotator\app\schedule\rotate_by_file.js
2021-09-28 09:40:55,325 INFO 12912 [egg-schedule]: register schedule F:\LIYOU\个人发展\华清远见\GitHub\steam-web\code\node_modules\_egg-multipart@2.13.1@egg-multipart\app\schedule\clean_tmpdir.js
2021-09-28 09:40:55,325 INFO 12912 [egg-schedule]: register schedule F:\LIYOU\个人发展\华清远见\GitHub\steam-web\code\node_modules\_egg-logrotator@3.1.0@egg-logrotator\app\schedule\clean_log.js
2021-09-28 09:40:55,325 INFO 12912 [egg-schedule]: register schedule F:\LIYOU\个人发展\华清远见\GitHub\steam-web\code\node_modules\_egg-logrotator@3.1.0@egg-logrotator\app\schedule\rotate_by_file.js
2021-09-28 09:40:57,723 INFO 18816 [egg-schedule]: register schedule F:\LIYOU\个人发展\华清远见\GitHub\steam-web\code\node_modules\_egg-multipart@2.13.1@egg-multipart\app\schedule\clean_tmpdir.js
2021-09-28 09:40:57,723 INFO 18816 [egg-schedule]: register schedule F:\LIYOU\个人发展\华清远见\GitHub\steam-web\code\node_modules\_egg-logrotator@3.1.0@egg-logrotator\app\schedule\clean_log.js
2021-09-28 09:40:57,723 INFO 18816 [egg-schedule]: register schedule F:\LIYOU\个人发展\华清远见\GitHub\steam-web\code\node_modules\_egg-logrotator@3.1.0@egg-logrotator\app\schedule\rotate_by_file.js
2021-09-28 09:41:21,039 INFO 5172 [egg-schedule]: register schedule F:\LIYOU\个人发展\华清远见\GitHub\steam-web\code\node_modules\_egg-multipart@2.13.1@egg-multipart\app\schedule\clean_tmpdir.js
2021-09-28 09:41:21,039 INFO 5172 [egg-schedule]: register schedule F:\LIYOU\个人发展\华清远见\GitHub\steam-web\code\node_modules\_egg-logrotator@3.1.0@egg-logrotator\app\schedule\clean_log.js
2021-09-28 09:41:21,039 INFO 5172 [egg-schedule]: register schedule F:\LIYOU\个人发展\华清远见\GitHub\steam-web\code\node_modules\_egg-logrotator@3.1.0@egg-logrotator\app\schedule\rotate_by_file.js
2021-09-28 09:41:44,282 INFO 18704 [egg-schedule]: register schedule F:\LIYOU\个人发展\华清远见\GitHub\steam-web\code\node_modules\_egg-multipart@2.13.1@egg-multipart\app\schedule\clean_tmpdir.js
2021-09-28 09:41:44,282 INFO 18704 [egg-schedule]: register schedule F:\LIYOU\个人发展\华清远见\GitHub\steam-web\code\node_modules\_egg-logrotator@3.1.0@egg-logrotator\app\schedule\clean_log.js
2021-09-28 09:41:44,282 INFO 18704 [egg-schedule]: register schedule F:\LIYOU\个人发展\华清远见\GitHub\steam-web\code\node_modules\_egg-logrotator@3.1.0@egg-logrotator\app\schedule\rotate_by_file.js
2021-09-28 09:42:12,921 INFO 18244 [egg-schedule]: register schedule F:\LIYOU\个人发展\华清远见\GitHub\steam-web\code\node_modules\_egg-multipart@2.13.1@egg-multipart\app\schedule\clean_tmpdir.js
2021-09-28 09:42:12,921 INFO 18244 [egg-schedule]: register schedule F:\LIYOU\个人发展\华清远见\GitHub\steam-web\code\node_modules\_egg-logrotator@3.1.0@egg-logrotator\app\schedule\clean_log.js
2021-09-28 09:42:12,921 INFO 18244 [egg-schedule]: register schedule F:\LIYOU\个人发展\华清远见\GitHub\steam-web\code\node_modules\_egg-logrotator@3.1.0@egg-logrotator\app\schedule\rotate_by_file.js
2021-09-28 09:43:20,669 INFO 18364 [egg-schedule]: register schedule F:\LIYOU\个人发展\华清远见\GitHub\steam-web\code\node_modules\_egg-multipart@2.13.1@egg-multipart\app\schedule\clean_tmpdir.js
2021-09-28 09:43:20,669 INFO 18364 [egg-schedule]: register schedule F:\LIYOU\个人发展\华清远见\GitHub\steam-web\code\node_modules\_egg-logrotator@3.1.0@egg-logrotator\app\schedule\clean_log.js
2021-09-28 09:43:20,669 INFO 18364 [egg-schedule]: register schedule F:\LIYOU\个人发展\华清远见\GitHub\steam-web\code\node_modules\_egg-logrotator@3.1.0@egg-logrotator\app\schedule\rotate_by_file.js
2021-09-28 09:44:35,646 INFO 7148 [egg-schedule]: register schedule F:\LIYOU\个人发展\华清远见\GitHub\steam-web\code\node_modules\_egg-multipart@2.13.1@egg-multipart\app\schedule\clean_tmpdir.js
2021-09-28 09:44:35,646 INFO 7148 [egg-schedule]: register schedule F:\LIYOU\个人发展\华清远见\GitHub\steam-web\code\node_modules\_egg-logrotator@3.1.0@egg-logrotator\app\schedule\clean_log.js
2021-09-28 09:44:35,646 INFO 7148 [egg-schedule]: register schedule F:\LIYOU\个人发展\华清远见\GitHub\steam-web\code\node_modules\_egg-logrotator@3.1.0@egg-logrotator\app\schedule\rotate_by_file.js
2021-09-28 09:44:39,144 INFO 4996 [egg-schedule]: register schedule F:\LIYOU\个人发展\华清远见\GitHub\steam-web\code\node_modules\_egg-multipart@2.13.1@egg-multipart\app\schedule\clean_tmpdir.js
2021-09-28 09:44:39,144 INFO 4996 [egg-schedule]: register schedule F:\LIYOU\个人发展\华清远见\GitHub\steam-web\code\node_modules\_egg-logrotator@3.1.0@egg-logrotator\app\schedule\clean_log.js
2021-09-28 09:44:39,144 INFO 4996 [egg-schedule]: register schedule F:\LIYOU\个人发展\华清远见\GitHub\steam-web\code\node_modules\_egg-logrotator@3.1.0@egg-logrotator\app\schedule\rotate_by_file.js
2021-09-28 09:44:57,654 INFO 2028 [egg-schedule]: register schedule F:\LIYOU\个人发展\华清远见\GitHub\steam-web\code\node_modules\_egg-multipart@2.13.1@egg-multipart\app\schedule\clean_tmpdir.js
2021-09-28 09:44:57,654 INFO 2028 [egg-schedule]: register schedule F:\LIYOU\个人发展\华清远见\GitHub\steam-web\code\node_modules\_egg-logrotator@3.1.0@egg-logrotator\app\schedule\clean_log.js
2021-09-28 09:44:57,654 INFO 2028 [egg-schedule]: register schedule F:\LIYOU\个人发展\华清远见\GitHub\steam-web\code\node_modules\_egg-logrotator@3.1.0@egg-logrotator\app\schedule\rotate_by_file.js
2021-09-28 09:45:53,186 INFO 15328 [egg-schedule]: register schedule F:\LIYOU\个人发展\华清远见\GitHub\steam-web\code\node_modules\_egg-multipart@2.13.1@egg-multipart\app\schedule\clean_tmpdir.js
2021-09-28 09:45:53,186 INFO 15328 [egg-schedule]: register schedule F:\LIYOU\个人发展\华清远见\GitHub\steam-web\code\node_modules\_egg-logrotator@3.1.0@egg-logrotator\app\schedule\clean_log.js
2021-09-28 09:45:53,186 INFO 15328 [egg-schedule]: register schedule F:\LIYOU\个人发展\华清远见\GitHub\steam-web\code\node_modules\_egg-logrotator@3.1.0@egg-logrotator\app\schedule\rotate_by_file.js
2021-09-28 09:46:28,831 INFO 7676 [egg-schedule]: register schedule F:\LIYOU\个人发展\华清远见\GitHub\steam-web\code\node_modules\_egg-multipart@2.13.1@egg-multipart\app\schedule\clean_tmpdir.js
2021-09-28 09:46:28,831 INFO 7676 [egg-schedule]: register schedule F:\LIYOU\个人发展\华清远见\GitHub\steam-web\code\node_modules\_egg-logrotator@3.1.0@egg-logrotator\app\schedule\clean_log.js
2021-09-28 09:46:28,831 INFO 7676 [egg-schedule]: register schedule F:\LIYOU\个人发展\华清远见\GitHub\steam-web\code\node_modules\_egg-logrotator@3.1.0@egg-logrotator\app\schedule\rotate_by_file.js
2021-09-28 09:46:56,676 INFO 2648 [egg-schedule]: register schedule F:\LIYOU\个人发展\华清远见\GitHub\steam-web\code\node_modules\_egg-multipart@2.13.1@egg-multipart\app\schedule\clean_tmpdir.js
2021-09-28 09:46:56,676 INFO 2648 [egg-schedule]: register schedule F:\LIYOU\个人发展\华清远见\GitHub\steam-web\code\node_modules\_egg-logrotator@3.1.0@egg-logrotator\app\schedule\clean_log.js
2021-09-28 09:46:56,676 INFO 2648 [egg-schedule]: register schedule F:\LIYOU\个人发展\华清远见\GitHub\steam-web\code\node_modules\_egg-logrotator@3.1.0@egg-logrotator\app\schedule\rotate_by_file.js
2021-09-28 11:46:33,308 INFO 13024 [egg-schedule]: register schedule F:\LIYOU\个人发展\华清远见\GitHub\steam-web\code\node_modules\_egg-multipart@2.13.1@egg-multipart\app\schedule\clean_tmpdir.js
2021-09-28 11:46:33,308 INFO 13024 [egg-schedule]: register schedule F:\LIYOU\个人发展\华清远见\GitHub\steam-web\code\node_modules\_egg-logrotator@3.1.0@egg-logrotator\app\schedule\clean_log.js
2021-09-28 11:46:33,308 INFO 13024 [egg-schedule]: register schedule F:\LIYOU\个人发展\华清远见\GitHub\steam-web\code\node_modules\_egg-logrotator@3.1.0@egg-logrotator\app\schedule\rotate_by_file.js
